[ 2017-08-31T23:24:54+08:00 ] ::1 ::1 GET /
[ log ] o2o.singwa.com/ [运行时间：0.187404s][吞吐率：5.34req/s] [内存消耗：3,597.17kb] [文件加载：55]
[ info ] [ LANG ] /Applications/MAMP/htdocs/imooc_o2o/thinkphp/lang/zh-cn.php
[ info ] [ ROUTE ] array (
  'type' => 'module',
  'module' => 
  array (
    0 => '',
    1 => NULL,
    2 => NULL,
  ),
)
[ info ] [ HEADER ] array (
  'host' => 'o2o.singwa.com',
  'connection' => 'keep-alive',
  'upgrade-insecure-requests' => '1',
  'user-agent' => 'Mozilla/5.0 (Macintosh; Intel Mac OS X 10_10_2) AppleWebKit/537.36 (KHTML, like Gecko) Chrome/55.0.2883.95 Safari/537.36',
  'accept' => 'text/html,application/xhtml+xml,application/xml;q=0.9,image/webp,*/*;q=0.8',
  'accept-encoding' => 'gzip, deflate, sdch',
  'accept-language' => 'zh-CN,zh;q=0.8,en;q=0.6',
  'cookie' => 'pgv_pvi=8978985984; pgv_si=s8645249024',
)
[ info ] [ PARAM ] array (
)
[ info ] [ DB ] INIT mysql
[ info ] [ SESSION ] INIT array (
  'id' => '',
  'var_session_id' => '',
  'prefix' => 'think',
  'type' => '',
  'auto_start' => true,
)
[ info ] [ RUN ] app\index\controller\Index->index[ /Applications/MAMP/htdocs/imooc_o2o/application/index/controller/Index.php ]
[ info ] [ VIEW ] /Applications/MAMP/htdocs/imooc_o2o/public/../application/index/view/index/index.html [ array (
  0 => 'citys',
  1 => 'city',
  2 => 'cats',
  3 => 'controler',
  4 => 'user',
  5 => 'title',
  6 => 'datas',
  7 => 'meishicates',
  8 => 'controller',
) ]
[ info ] [ LOG ] INIT File

---------------------------------------------------------------
[ 2017-08-31T23:24:55+08:00 ] ::1 ::1 GET /
[ log ] o2o.singwa.com/ [运行时间：0.183140s][吞吐率：5.46req/s] [内存消耗：3,597.47kb] [文件加载：55]
[ info ] [ LANG ] /Applications/MAMP/htdocs/imooc_o2o/thinkphp/lang/zh-cn.php
[ info ] [ ROUTE ] array (
  'type' => 'module',
  'module' => 
  array (
    0 => '',
    1 => NULL,
    2 => NULL,
  ),
)
[ info ] [ HEADER ] array (
  'host' => 'o2o.singwa.com',
  'connection' => 'keep-alive',
  'user-agent' => 'Mozilla/5.0 (Macintosh; Intel Mac OS X 10_10_2) AppleWebKit/537.36 (KHTML, like Gecko) Chrome/55.0.2883.95 Safari/537.36',
  'accept' => 'image/webp,image/*,*/*;q=0.8',
  'referer' => 'http://o2o.singwa.com/',
  'accept-encoding' => 'gzip, deflate, sdch',
  'accept-language' => 'zh-CN,zh;q=0.8,en;q=0.6',
  'cookie' => 'pgv_pvi=8978985984; pgv_si=s8645249024; PHPSESSID=ec4436f2e78ce346500696e6b76f680c',
)
[ info ] [ PARAM ] array (
)
[ info ] [ DB ] INIT mysql
[ info ] [ SESSION ] INIT array (
  'id' => '',
  'var_session_id' => '',
  'prefix' => 'think',
  'type' => '',
  'auto_start' => true,
)
[ info ] [ RUN ] app\index\controller\Index->index[ /Applications/MAMP/htdocs/imooc_o2o/application/index/controller/Index.php ]
[ info ] [ VIEW ] /Applications/MAMP/htdocs/imooc_o2o/public/../application/index/view/index/index.html [ array (
  0 => 'citys',
  1 => 'city',
  2 => 'cats',
  3 => 'controler',
  4 => 'user',
  5 => 'title',
  6 => 'datas',
  7 => 'meishicates',
  8 => 'controller',
) ]
[ info ] [ LOG ] INIT File

---------------------------------------------------------------
[ 2017-08-31T23:24:56+08:00 ] ::1 ::1 GET /index/lists/index.html?id=1
[ log ] o2o.singwa.com/index/lists/index.html?id=1 [运行时间：0.086027s][吞吐率：11.62req/s] [内存消耗：3,798.16kb] [文件加载：58]
[ info ] [ LANG ] /Applications/MAMP/htdocs/imooc_o2o/thinkphp/lang/zh-cn.php
[ info ] [ ROUTE ] array (
  'type' => 'module',
  'module' => 
  array (
    0 => 'index',
    1 => 'lists',
    2 => 'index',
  ),
)
[ info ] [ HEADER ] array (
  'host' => 'o2o.singwa.com',
  'connection' => 'keep-alive',
  'upgrade-insecure-requests' => '1',
  'user-agent' => 'Mozilla/5.0 (Macintosh; Intel Mac OS X 10_10_2) AppleWebKit/537.36 (KHTML, like Gecko) Chrome/55.0.2883.95 Safari/537.36',
  'accept' => 'text/html,application/xhtml+xml,application/xml;q=0.9,image/webp,*/*;q=0.8',
  'referer' => 'http://o2o.singwa.com/',
  'accept-encoding' => 'gzip, deflate, sdch',
  'accept-language' => 'zh-CN,zh;q=0.8,en;q=0.6',
  'cookie' => 'pgv_pvi=8978985984; pgv_si=s8645249024; PHPSESSID=ec4436f2e78ce346500696e6b76f680c',
)
[ info ] [ PARAM ] array (
  'id' => '1',
)
[ info ] [ DB ] INIT mysql
[ info ] [ SESSION ] INIT array (
  'id' => '',
  'var_session_id' => '',
  'prefix' => 'think',
  'type' => '',
  'auto_start' => true,
)
[ info ] [ RUN ] app\index\controller\Lists->index[ /Applications/MAMP/htdocs/imooc_o2o/application/index/controller/Lists.php ]
[ info ] [ VIEW ] /Applications/MAMP/htdocs/imooc_o2o/public/../application/index/view/lists/index.html [ array (
  0 => 'citys',
  1 => 'city',
  2 => 'cats',
  3 => 'controler',
  4 => 'user',
  5 => 'title',
  6 => 'categorys',
  7 => 'sedcategorys',
  8 => 'id',
  9 => 'categoryParentId',
  10 => 'orderflag',
  11 => 'deals',
) ]
[ info ] [ LOG ] INIT File

---------------------------------------------------------------
[ 2017-08-31T23:24:57+08:00 ] ::1 ::1 GET /index/lists/index.html?id=1
[ log ] o2o.singwa.com/index/lists/index.html?id=1 [运行时间：0.090204s][吞吐率：11.09req/s] [内存消耗：3,798.19kb] [文件加载：58]
[ info ] [ LANG ] /Applications/MAMP/htdocs/imooc_o2o/thinkphp/lang/zh-cn.php
[ info ] [ ROUTE ] array (
  'type' => 'module',
  'module' => 
  array (
    0 => 'index',
    1 => 'lists',
    2 => 'index',
  ),
)
[ info ] [ HEADER ] array (
  'host' => 'o2o.singwa.com',
  'connection' => 'keep-alive',
  'user-agent' => 'Mozilla/5.0 (Macintosh; Intel Mac OS X 10_10_2) AppleWebKit/537.36 (KHTML, like Gecko) Chrome/55.0.2883.95 Safari/537.36',
  'accept' => 'image/webp,image/*,*/*;q=0.8',
  'referer' => 'http://o2o.singwa.com/index/lists/index.html?id=1',
  'accept-encoding' => 'gzip, deflate, sdch',
  'accept-language' => 'zh-CN,zh;q=0.8,en;q=0.6',
  'cookie' => 'pgv_pvi=8978985984; pgv_si=s8645249024; PHPSESSID=ec4436f2e78ce346500696e6b76f680c',
)
[ info ] [ PARAM ] array (
  'id' => '1',
)
[ info ] [ DB ] INIT mysql
[ info ] [ SESSION ] INIT array (
  'id' => '',
  'var_session_id' => '',
  'prefix' => 'think',
  'type' => '',
  'auto_start' => true,
)
[ info ] [ RUN ] app\index\controller\Lists->index[ /Applications/MAMP/htdocs/imooc_o2o/application/index/controller/Lists.php ]
[ info ] [ VIEW ] /Applications/MAMP/htdocs/imooc_o2o/public/../application/index/view/lists/index.html [ array (
  0 => 'citys',
  1 => 'city',
  2 => 'cats',
  3 => 'controler',
  4 => 'user',
  5 => 'title',
  6 => 'categorys',
  7 => 'sedcategorys',
  8 => 'id',
  9 => 'categoryParentId',
  10 => 'orderflag',
  11 => 'deals',
) ]
[ info ] [ LOG ] INIT File

---------------------------------------------------------------
[ 2017-08-31T23:25:06+08:00 ] ::1 ::1 GET /index.php?s=index/index/index
[ log ] o2o.singwa.com/index.php?s=index/index/index [运行时间：0.072195s][吞吐率：13.85req/s] [内存消耗：3,601.59kb] [文件加载：55]
[ info ] [ LANG ] /Applications/MAMP/htdocs/imooc_o2o/thinkphp/lang/zh-cn.php
[ info ] [ ROUTE ] array (
  'type' => 'module',
  'module' => 
  array (
    0 => 'index',
    1 => 'index',
    2 => 'index',
  ),
)
[ info ] [ HEADER ] array (
  'host' => 'o2o.singwa.com',
  'connection' => 'keep-alive',
  'upgrade-insecure-requests' => '1',
  'user-agent' => 'Mozilla/5.0 (Macintosh; Intel Mac OS X 10_10_2) AppleWebKit/537.36 (KHTML, like Gecko) Chrome/55.0.2883.95 Safari/537.36',
  'accept' => 'text/html,application/xhtml+xml,application/xml;q=0.9,image/webp,*/*;q=0.8',
  'accept-encoding' => 'gzip, deflate, sdch',
  'accept-language' => 'zh-CN,zh;q=0.8,en;q=0.6',
  'cookie' => 'pgv_pvi=8978985984; pgv_si=s8645249024; PHPSESSID=ec4436f2e78ce346500696e6b76f680c',
)
[ info ] [ PARAM ] array (
)
[ info ] [ DB ] INIT mysql
[ info ] [ SESSION ] INIT array (
  'id' => '',
  'var_session_id' => '',
  'prefix' => 'think',
  'type' => '',
  'auto_start' => true,
)
[ info ] [ RUN ] app\index\controller\Index->index[ /Applications/MAMP/htdocs/imooc_o2o/application/index/controller/Index.php ]
[ info ] [ VIEW ] /Applications/MAMP/htdocs/imooc_o2o/public/../application/index/view/index/index.html [ array (
  0 => 'citys',
  1 => 'city',
  2 => 'cats',
  3 => 'controler',
  4 => 'user',
  5 => 'title',
  6 => 'datas',
  7 => 'meishicates',
  8 => 'controller',
) ]
[ info ] [ LOG ] INIT File

---------------------------------------------------------------
[ 2017-08-31T23:25:06+08:00 ] ::1 ::1 GET /index.php?s=index/index/index
[ log ] o2o.singwa.com/index.php?s=index/index/index [运行时间：0.075962s][吞吐率：13.16req/s] [内存消耗：3,601.46kb] [文件加载：55]
[ info ] [ LANG ] /Applications/MAMP/htdocs/imooc_o2o/thinkphp/lang/zh-cn.php
[ info ] [ ROUTE ] array (
  'type' => 'module',
  'module' => 
  array (
    0 => 'index',
    1 => 'index',
    2 => 'index',
  ),
)
[ info ] [ HEADER ] array (
  'host' => 'o2o.singwa.com',
  'connection' => 'keep-alive',
  'user-agent' => 'Mozilla/5.0 (Macintosh; Intel Mac OS X 10_10_2) AppleWebKit/537.36 (KHTML, like Gecko) Chrome/55.0.2883.95 Safari/537.36',
  'accept' => 'image/webp,image/*,*/*;q=0.8',
  'referer' => 'http://o2o.singwa.com/index.php?s=index/index/index',
  'accept-encoding' => 'gzip, deflate, sdch',
  'accept-language' => 'zh-CN,zh;q=0.8,en;q=0.6',
  'cookie' => 'pgv_pvi=8978985984; pgv_si=s8645249024; PHPSESSID=ec4436f2e78ce346500696e6b76f680c',
)
[ info ] [ PARAM ] array (
)
[ info ] [ DB ] INIT mysql
[ info ] [ SESSION ] INIT array (
  'id' => '',
  'var_session_id' => '',
  'prefix' => 'think',
  'type' => '',
  'auto_start' => true,
)
[ info ] [ RUN ] app\index\controller\Index->index[ /Applications/MAMP/htdocs/imooc_o2o/application/index/controller/Index.php ]
[ info ] [ VIEW ] /Applications/MAMP/htdocs/imooc_o2o/public/../application/index/view/index/index.html [ array (
  0 => 'citys',
  1 => 'city',
  2 => 'cats',
  3 => 'controler',
  4 => 'user',
  5 => 'title',
  6 => 'datas',
  7 => 'meishicates',
  8 => 'controller',
) ]
[ info ] [ LOG ] INIT File

---------------------------------------------------------------
[ 2017-08-31T23:40:07+08:00 ] ::1 ::1 GET /index.php/index/detail/index.html?id=11
[ log ] o2o.singwa.com/index.php/index/detail/index.html?id=11 [运行时间：0.086233s][吞吐率：11.60req/s] [内存消耗：3,647.30kb] [文件加载：56]
[ info ] [ LANG ] /Applications/MAMP/htdocs/imooc_o2o/thinkphp/lang/zh-cn.php
[ info ] [ ROUTE ] array (
  'type' => 'module',
  'module' => 
  array (
    0 => 'index',
    1 => 'detail',
    2 => 'index',
  ),
)
[ info ] [ HEADER ] array (
  'host' => 'o2o.singwa.com',
  'connection' => 'keep-alive',
  'upgrade-insecure-requests' => '1',
  'user-agent' => 'Mozilla/5.0 (Macintosh; Intel Mac OS X 10_10_2) AppleWebKit/537.36 (KHTML, like Gecko) Chrome/55.0.2883.95 Safari/537.36',
  'accept' => 'text/html,application/xhtml+xml,application/xml;q=0.9,image/webp,*/*;q=0.8',
  'referer' => 'http://o2o.singwa.com/index.php?s=index/index/index',
  'accept-encoding' => 'gzip, deflate, sdch',
  'accept-language' => 'zh-CN,zh;q=0.8,en;q=0.6',
  'cookie' => 'pgv_pvi=8978985984; pgv_si=s8645249024; PHPSESSID=ec4436f2e78ce346500696e6b76f680c',
)
[ info ] [ PARAM ] array (
  'id' => '11',
)
[ info ] [ DB ] INIT mysql
[ info ] [ SESSION ] INIT array (
  'id' => '',
  'var_session_id' => '',
  'prefix' => 'think',
  'type' => '',
  'auto_start' => true,
)
[ info ] [ RUN ] app\index\controller\Detail->index[ /Applications/MAMP/htdocs/imooc_o2o/application/index/controller/Detail.php ]
[ info ] [ VIEW ] /Applications/MAMP/htdocs/imooc_o2o/public/../application/index/view/detail/index.html [ array (
  0 => 'citys',
  1 => 'city',
  2 => 'cats',
  3 => 'controler',
  4 => 'user',
  5 => 'title',
  6 => 'deal',
  7 => 'category',
  8 => 'locations',
  9 => 'overplus',
  10 => 'flag',
  11 => 'mapstr',
) ]
[ info ] [ LOG ] INIT File

---------------------------------------------------------------
[ 2017-08-31T23:40:10+08:00 ] ::1 ::1 GET /index.php/index/map/getmapimage.html?data=115.826266426,29.0155615737
[ log ] o2o.singwa.com/index.php/index/map/getmapimage.html?data=115.826266426,29.0155615737 [运行时间：2.276123s][吞吐率：0.44req/s] [内存消耗：1,891.48kb] [文件加载：41]
[ info ] [ LANG ] /Applications/MAMP/htdocs/imooc_o2o/thinkphp/lang/zh-cn.php
[ info ] [ ROUTE ] array (
  'type' => 'module',
  'module' => 
  array (
    0 => 'index',
    1 => 'map',
    2 => 'getmapimage',
  ),
)
[ info ] [ HEADER ] array (
  'host' => 'o2o.singwa.com',
  'connection' => 'keep-alive',
  'user-agent' => 'Mozilla/5.0 (Macintosh; Intel Mac OS X 10_10_2) AppleWebKit/537.36 (KHTML, like Gecko) Chrome/55.0.2883.95 Safari/537.36',
  'accept' => 'image/webp,image/*,*/*;q=0.8',
  'referer' => 'http://o2o.singwa.com/index.php/index/detail/index.html?id=11',
  'accept-encoding' => 'gzip, deflate, sdch',
  'accept-language' => 'zh-CN,zh;q=0.8,en;q=0.6',
  'cookie' => 'pgv_pvi=8978985984; pgv_si=s8645249024; PHPSESSID=ec4436f2e78ce346500696e6b76f680c',
)
[ info ] [ PARAM ] array (
  'data' => '115.826266426,29.0155615737',
)
[ info ] [ RUN ] app\index\controller\Map->getMapImage[ /Applications/MAMP/htdocs/imooc_o2o/application/index/controller/Map.php ]
[ info ] [ LOG ] INIT File

---------------------------------------------------------------
[ 2017-08-31T23:40:10+08:00 ] ::1 ::1 GET /index.php/index/detail/index.html?id=11
[ log ] o2o.singwa.com/index.php/index/detail/index.html?id=11 [运行时间：0.074118s][吞吐率：13.49req/s] [内存消耗：3,647.26kb] [文件加载：56]
[ info ] [ LANG ] /Applications/MAMP/htdocs/imooc_o2o/thinkphp/lang/zh-cn.php
[ info ] [ ROUTE ] array (
  'type' => 'module',
  'module' => 
  array (
    0 => 'index',
    1 => 'detail',
    2 => 'index',
  ),
)
[ info ] [ HEADER ] array (
  'host' => 'o2o.singwa.com',
  'connection' => 'keep-alive',
  'user-agent' => 'Mozilla/5.0 (Macintosh; Intel Mac OS X 10_10_2) AppleWebKit/537.36 (KHTML, like Gecko) Chrome/55.0.2883.95 Safari/537.36',
  'accept' => 'image/webp,image/*,*/*;q=0.8',
  'referer' => 'http://o2o.singwa.com/index.php/index/detail/index.html?id=11',
  'accept-encoding' => 'gzip, deflate, sdch',
  'accept-language' => 'zh-CN,zh;q=0.8,en;q=0.6',
  'cookie' => 'pgv_pvi=8978985984; pgv_si=s8645249024; PHPSESSID=ec4436f2e78ce346500696e6b76f680c',
)
[ info ] [ PARAM ] array (
  'id' => '11',
)
[ info ] [ DB ] INIT mysql
[ info ] [ SESSION ] INIT array (
  'id' => '',
  'var_session_id' => '',
  'prefix' => 'think',
  'type' => '',
  'auto_start' => true,
)
[ info ] [ RUN ] app\index\controller\Detail->index[ /Applications/MAMP/htdocs/imooc_o2o/application/index/controller/Detail.php ]
[ info ] [ VIEW ] /Applications/MAMP/htdocs/imooc_o2o/public/../application/index/view/detail/index.html [ array (
  0 => 'citys',
  1 => 'city',
  2 => 'cats',
  3 => 'controler',
  4 => 'user',
  5 => 'title',
  6 => 'deal',
  7 => 'category',
  8 => 'locations',
  9 => 'overplus',
  10 => 'flag',
  11 => 'mapstr',
) ]
[ info ] [ LOG ] INIT File

---------------------------------------------------------------
[ 2017-08-31T23:40:14+08:00 ] ::1 ::1 GET /index.php/index/detail/index.html?id=9
[ log ] o2o.singwa.com/index.php/index/detail/index.html?id=9 [运行时间：0.070575s][吞吐率：14.17req/s] [内存消耗：3,649.68kb] [文件加载：56]
[ info ] [ LANG ] /Applications/MAMP/htdocs/imooc_o2o/thinkphp/lang/zh-cn.php
[ info ] [ ROUTE ] array (
  'type' => 'module',
  'module' => 
  array (
    0 => 'index',
    1 => 'detail',
    2 => 'index',
  ),
)
[ info ] [ HEADER ] array (
  'host' => 'o2o.singwa.com',
  'connection' => 'keep-alive',
  'upgrade-insecure-requests' => '1',
  'user-agent' => 'Mozilla/5.0 (Macintosh; Intel Mac OS X 10_10_2) AppleWebKit/537.36 (KHTML, like Gecko) Chrome/55.0.2883.95 Safari/537.36',
  'accept' => 'text/html,application/xhtml+xml,application/xml;q=0.9,image/webp,*/*;q=0.8',
  'referer' => 'http://o2o.singwa.com/index.php?s=index/index/index',
  'accept-encoding' => 'gzip, deflate, sdch',
  'accept-language' => 'zh-CN,zh;q=0.8,en;q=0.6',
  'cookie' => 'pgv_pvi=8978985984; pgv_si=s8645249024; PHPSESSID=ec4436f2e78ce346500696e6b76f680c',
)
[ info ] [ PARAM ] array (
  'id' => '9',
)
[ info ] [ DB ] INIT mysql
[ info ] [ SESSION ] INIT array (
  'id' => '',
  'var_session_id' => '',
  'prefix' => 'think',
  'type' => '',
  'auto_start' => true,
)
[ info ] [ RUN ] app\index\controller\Detail->index[ /Applications/MAMP/htdocs/imooc_o2o/application/index/controller/Detail.php ]
[ info ] [ VIEW ] /Applications/MAMP/htdocs/imooc_o2o/public/../application/index/view/detail/index.html [ array (
  0 => 'citys',
  1 => 'city',
  2 => 'cats',
  3 => 'controler',
  4 => 'user',
  5 => 'title',
  6 => 'deal',
  7 => 'category',
  8 => 'locations',
  9 => 'overplus',
  10 => 'flag',
  11 => 'mapstr',
) ]
[ info ] [ LOG ] INIT File

---------------------------------------------------------------
[ 2017-08-31T23:40:14+08:00 ] ::1 ::1 GET /index.php/index/map/getmapimage.html?data=115.905503455,28.6652145737
[ log ] o2o.singwa.com/index.php/index/map/getmapimage.html?data=115.905503455,28.6652145737 [运行时间：0.055675s][吞吐率：17.96req/s] [内存消耗：1,891.48kb] [文件加载：41]
[ info ] [ LANG ] /Applications/MAMP/htdocs/imooc_o2o/thinkphp/lang/zh-cn.php
[ info ] [ ROUTE ] array (
  'type' => 'module',
  'module' => 
  array (
    0 => 'index',
    1 => 'map',
    2 => 'getmapimage',
  ),
)
[ info ] [ HEADER ] array (
  'host' => 'o2o.singwa.com',
  'connection' => 'keep-alive',
  'user-agent' => 'Mozilla/5.0 (Macintosh; Intel Mac OS X 10_10_2) AppleWebKit/537.36 (KHTML, like Gecko) Chrome/55.0.2883.95 Safari/537.36',
  'accept' => 'image/webp,image/*,*/*;q=0.8',
  'referer' => 'http://o2o.singwa.com/index.php/index/detail/index.html?id=9',
  'accept-encoding' => 'gzip, deflate, sdch',
  'accept-language' => 'zh-CN,zh;q=0.8,en;q=0.6',
  'cookie' => 'pgv_pvi=8978985984; pgv_si=s8645249024; PHPSESSID=ec4436f2e78ce346500696e6b76f680c',
)
[ info ] [ PARAM ] array (
  'data' => '115.905503455,28.6652145737',
)
[ info ] [ RUN ] app\index\controller\Map->getMapImage[ /Applications/MAMP/htdocs/imooc_o2o/application/index/controller/Map.php ]
[ info ] [ LOG ] INIT File

---------------------------------------------------------------
[ 2017-08-31T23:40:14+08:00 ] ::1 ::1 GET /index.php/index/detail/index.html?id=9
[ log ] o2o.singwa.com/index.php/index/detail/index.html?id=9 [运行时间：0.076739s][吞吐率：13.03req/s] [内存消耗：3,649.25kb] [文件加载：56]
[ info ] [ LANG ] /Applications/MAMP/htdocs/imooc_o2o/thinkphp/lang/zh-cn.php
[ info ] [ ROUTE ] array (
  'type' => 'module',
  'module' => 
  array (
    0 => 'index',
    1 => 'detail',
    2 => 'index',
  ),
)
[ info ] [ HEADER ] array (
  'host' => 'o2o.singwa.com',
  'connection' => 'keep-alive',
  'user-agent' => 'Mozilla/5.0 (Macintosh; Intel Mac OS X 10_10_2) AppleWebKit/537.36 (KHTML, like Gecko) Chrome/55.0.2883.95 Safari/537.36',
  'accept' => 'image/webp,image/*,*/*;q=0.8',
  'referer' => 'http://o2o.singwa.com/index.php/index/detail/index.html?id=9',
  'accept-encoding' => 'gzip, deflate, sdch',
  'accept-language' => 'zh-CN,zh;q=0.8,en;q=0.6',
  'cookie' => 'pgv_pvi=8978985984; pgv_si=s8645249024; PHPSESSID=ec4436f2e78ce346500696e6b76f680c',
)
[ info ] [ PARAM ] array (
  'id' => '9',
)
[ info ] [ DB ] INIT mysql
[ info ] [ SESSION ] INIT array (
  'id' => '',
  'var_session_id' => '',
  'prefix' => 'think',
  'type' => '',
  'auto_start' => true,
)
[ info ] [ RUN ] app\index\controller\Detail->index[ /Applications/MAMP/htdocs/imooc_o2o/application/index/controller/Detail.php ]
[ info ] [ VIEW ] /Applications/MAMP/htdocs/imooc_o2o/public/../application/index/view/detail/index.html [ array (
  0 => 'citys',
  1 => 'city',
  2 => 'cats',
  3 => 'controler',
  4 => 'user',
  5 => 'title',
  6 => 'deal',
  7 => 'category',
  8 => 'locations',
  9 => 'overplus',
  10 => 'flag',
  11 => 'mapstr',
) ]
[ info ] [ LOG ] INIT File

---------------------------------------------------------------
[ 2017-08-31T23:40:20+08:00 ] ::1 ::1 GET /index.php/index/detail/index.html?id=11
[ log ] o2o.singwa.com/index.php/index/detail/index.html?id=11 [运行时间：0.074465s][吞吐率：13.43req/s] [内存消耗：3,647.30kb] [文件加载：56]
[ info ] [ LANG ] /Applications/MAMP/htdocs/imooc_o2o/thinkphp/lang/zh-cn.php
[ info ] [ ROUTE ] array (
  'type' => 'module',
  'module' => 
  array (
    0 => 'index',
    1 => 'detail',
    2 => 'index',
  ),
)
[ info ] [ HEADER ] array (
  'host' => 'o2o.singwa.com',
  'connection' => 'keep-alive',
  'upgrade-insecure-requests' => '1',
  'user-agent' => 'Mozilla/5.0 (Macintosh; Intel Mac OS X 10_10_2) AppleWebKit/537.36 (KHTML, like Gecko) Chrome/55.0.2883.95 Safari/537.36',
  'accept' => 'text/html,application/xhtml+xml,application/xml;q=0.9,image/webp,*/*;q=0.8',
  'referer' => 'http://o2o.singwa.com/index.php?s=index/index/index',
  'accept-encoding' => 'gzip, deflate, sdch',
  'accept-language' => 'zh-CN,zh;q=0.8,en;q=0.6',
  'cookie' => 'pgv_pvi=8978985984; pgv_si=s8645249024; PHPSESSID=ec4436f2e78ce346500696e6b76f680c',
)
[ info ] [ PARAM ] array (
  'id' => '11',
)
[ info ] [ DB ] INIT mysql
[ info ] [ SESSION ] INIT array (
  'id' => '',
  'var_session_id' => '',
  'prefix' => 'think',
  'type' => '',
  'auto_start' => true,
)
[ info ] [ RUN ] app\index\controller\Detail->index[ /Applications/MAMP/htdocs/imooc_o2o/application/index/controller/Detail.php ]
[ info ] [ VIEW ] /Applications/MAMP/htdocs/imooc_o2o/public/../application/index/view/detail/index.html [ array (
  0 => 'citys',
  1 => 'city',
  2 => 'cats',
  3 => 'controler',
  4 => 'user',
  5 => 'title',
  6 => 'deal',
  7 => 'category',
  8 => 'locations',
  9 => 'overplus',
  10 => 'flag',
  11 => 'mapstr',
) ]
[ info ] [ LOG ] INIT File

---------------------------------------------------------------
[ 2017-08-31T23:40:21+08:00 ] ::1 ::1 GET /index.php/index/map/getmapimage.html?data=115.826266426,29.0155615737
[ log ] o2o.singwa.com/index.php/index/map/getmapimage.html?data=115.826266426,29.0155615737 [运行时间：0.076804s][吞吐率：13.02req/s] [内存消耗：1,891.48kb] [文件加载：41]
[ info ] [ LANG ] /Applications/MAMP/htdocs/imooc_o2o/thinkphp/lang/zh-cn.php
[ info ] [ ROUTE ] array (
  'type' => 'module',
  'module' => 
  array (
    0 => 'index',
    1 => 'map',
    2 => 'getmapimage',
  ),
)
[ info ] [ HEADER ] array (
  'host' => 'o2o.singwa.com',
  'connection' => 'keep-alive',
  'user-agent' => 'Mozilla/5.0 (Macintosh; Intel Mac OS X 10_10_2) AppleWebKit/537.36 (KHTML, like Gecko) Chrome/55.0.2883.95 Safari/537.36',
  'accept' => 'image/webp,image/*,*/*;q=0.8',
  'referer' => 'http://o2o.singwa.com/index.php/index/detail/index.html?id=11',
  'accept-encoding' => 'gzip, deflate, sdch',
  'accept-language' => 'zh-CN,zh;q=0.8,en;q=0.6',
  'cookie' => 'pgv_pvi=8978985984; pgv_si=s8645249024; PHPSESSID=ec4436f2e78ce346500696e6b76f680c',
)
[ info ] [ PARAM ] array (
  'data' => '115.826266426,29.0155615737',
)
[ info ] [ RUN ] app\index\controller\Map->getMapImage[ /Applications/MAMP/htdocs/imooc_o2o/application/index/controller/Map.php ]
[ info ] [ LOG ] INIT File

---------------------------------------------------------------
[ 2017-08-31T23:40:21+08:00 ] ::1 ::1 GET /index.php/index/detail/index.html?id=11
[ log ] o2o.singwa.com/index.php/index/detail/index.html?id=11 [运行时间：0.074981s][吞吐率：13.34req/s] [内存消耗：3,647.26kb] [文件加载：56]
[ info ] [ LANG ] /Applications/MAMP/htdocs/imooc_o2o/thinkphp/lang/zh-cn.php
[ info ] [ ROUTE ] array (
  'type' => 'module',
  'module' => 
  array (
    0 => 'index',
    1 => 'detail',
    2 => 'index',
  ),
)
[ info ] [ HEADER ] array (
  'host' => 'o2o.singwa.com',
  'connection' => 'keep-alive',
  'user-agent' => 'Mozilla/5.0 (Macintosh; Intel Mac OS X 10_10_2) AppleWebKit/537.36 (KHTML, like Gecko) Chrome/55.0.2883.95 Safari/537.36',
  'accept' => 'image/webp,image/*,*/*;q=0.8',
  'referer' => 'http://o2o.singwa.com/index.php/index/detail/index.html?id=11',
  'accept-encoding' => 'gzip, deflate, sdch',
  'accept-language' => 'zh-CN,zh;q=0.8,en;q=0.6',
  'cookie' => 'pgv_pvi=8978985984; pgv_si=s8645249024; PHPSESSID=ec4436f2e78ce346500696e6b76f680c',
)
[ info ] [ PARAM ] array (
  'id' => '11',
)
[ info ] [ DB ] INIT mysql
[ info ] [ SESSION ] INIT array (
  'id' => '',
  'var_session_id' => '',
  'prefix' => 'think',
  'type' => '',
  'auto_start' => true,
)
[ info ] [ RUN ] app\index\controller\Detail->index[ /Applications/MAMP/htdocs/imooc_o2o/application/index/controller/Detail.php ]
[ info ] [ VIEW ] /Applications/MAMP/htdocs/imooc_o2o/public/../application/index/view/detail/index.html [ array (
  0 => 'citys',
  1 => 'city',
  2 => 'cats',
  3 => 'controler',
  4 => 'user',
  5 => 'title',
  6 => 'deal',
  7 => 'category',
  8 => 'locations',
  9 => 'overplus',
  10 => 'flag',
  11 => 'mapstr',
) ]
[ info ] [ LOG ] INIT File

---------------------------------------------------------------
