[ 2017-08-31T23:24:54+08:00 ] [ sql ] [ DB ] CONNECT:[ UseTime:0.003138s ] mysql:dbname=imooc_o2o;host=localhost;port=8889;charset=utf8
[ sql ] [ SQL ] SHOW COLUMNS FROM `o2o_city` [ RunTime:0.004162s ]
[ sql ] [ SQL ] SELECT * FROM `o2o_city` WHERE  `status` = 1  AND `parent_id` > 0 ORDER BY `id`  desc [ RunTime:0.002957s ]
[ sql ] [ SQL ] SELECT * FROM `o2o_city` WHERE  `uname` = 'nanchang' LIMIT 1 [ RunTime:0.000375s ]
[ sql ] [ SQL ] SHOW COLUMNS FROM `o2o_category` [ RunTime:0.004960s ]
[ sql ] [ SQL ] SELECT * FROM `o2o_category` WHERE  `parent_id` = 0  AND `status` = 1 ORDER BY `listorder`  desc,`id`  desc LIMIT 5 [ RunTime:0.000415s ]
[ sql ] [ SQL ] SELECT * FROM `o2o_category` WHERE  `parent_id` IN (1,6,5,4,2)  AND `status` = 1 ORDER BY `listorder`  desc,`id`  desc [ RunTime:0.000445s ]
[ sql ] [ SQL ] SHOW COLUMNS FROM `o2o_deal` [ RunTime:0.006924s ]
[ sql ] [ SQL ] SELECT * FROM `o2o_deal` WHERE  `end_time` > 1504193094  AND `category_id` = 1  AND `city_id` = 5  AND `status` = 1 ORDER BY `listorder`  desc,`id`  desc LIMIT 10 [ RunTime:0.001991s ]
[ sql ] [ SQL ] SELECT * FROM `o2o_category` WHERE  `parent_id` = 1  AND `status` = 1 ORDER BY `listorder`  desc,`id`  desc LIMIT 4 [ RunTime:0.000308s ]

---------------------------------------------------------------
[ 2017-08-31T23:24:55+08:00 ] [ sql ] [ DB ] CONNECT:[ UseTime:0.001124s ] mysql:dbname=imooc_o2o;host=localhost;port=8889;charset=utf8
[ sql ] [ SQL ] SHOW COLUMNS FROM `o2o_city` [ RunTime:0.004195s ]
[ sql ] [ SQL ] SELECT * FROM `o2o_city` WHERE  `status` = 1  AND `parent_id` > 0 ORDER BY `id`  desc [ RunTime:0.000593s ]
[ sql ] [ SQL ] SELECT * FROM `o2o_city` WHERE  `uname` = 'nanchang' LIMIT 1 [ RunTime:0.000739s ]
[ sql ] [ SQL ] SHOW COLUMNS FROM `o2o_category` [ RunTime:0.003409s ]
[ sql ] [ SQL ] SELECT * FROM `o2o_category` WHERE  `parent_id` = 0  AND `status` = 1 ORDER BY `listorder`  desc,`id`  desc LIMIT 5 [ RunTime:0.000664s ]
[ sql ] [ SQL ] SELECT * FROM `o2o_category` WHERE  `parent_id` IN (1,6,5,4,2)  AND `status` = 1 ORDER BY `listorder`  desc,`id`  desc [ RunTime:0.000762s ]
[ sql ] [ SQL ] SHOW COLUMNS FROM `o2o_deal` [ RunTime:0.004371s ]
[ sql ] [ SQL ] SELECT * FROM `o2o_deal` WHERE  `end_time` > 1504193095  AND `category_id` = 1  AND `city_id` = 5  AND `status` = 1 ORDER BY `listorder`  desc,`id`  desc LIMIT 10 [ RunTime:0.000954s ]
[ sql ] [ SQL ] SELECT * FROM `o2o_category` WHERE  `parent_id` = 1  AND `status` = 1 ORDER BY `listorder`  desc,`id`  desc LIMIT 4 [ RunTime:0.000492s ]

---------------------------------------------------------------
[ 2017-08-31T23:24:56+08:00 ] [ sql ] [ DB ] CONNECT:[ UseTime:0.000566s ] mysql:dbname=imooc_o2o;host=localhost;port=8889;charset=utf8
[ sql ] [ SQL ] SHOW COLUMNS FROM `o2o_city` [ RunTime:0.002329s ]
[ sql ] [ SQL ] SELECT * FROM `o2o_city` WHERE  `status` = 1  AND `parent_id` > 0 ORDER BY `id`  desc [ RunTime:0.000428s ]
[ sql ] [ SQL ] SELECT * FROM `o2o_city` WHERE  `uname` = 'nanchang' LIMIT 1 [ RunTime:0.000426s ]
[ sql ] [ SQL ] SHOW COLUMNS FROM `o2o_category` [ RunTime:0.003263s ]
[ sql ] [ SQL ] SELECT * FROM `o2o_category` WHERE  `parent_id` = 0  AND `status` = 1 ORDER BY `listorder`  desc,`id`  desc LIMIT 5 [ RunTime:0.000410s ]
[ sql ] [ SQL ] SELECT * FROM `o2o_category` WHERE  `parent_id` IN (1,6,5,4,2)  AND `status` = 1 ORDER BY `listorder`  desc,`id`  desc [ RunTime:0.000365s ]
[ sql ] [ SQL ] SELECT * FROM `o2o_category` WHERE  `status` = 1  AND `parent_id` = 0 ORDER BY `id`  desc [ RunTime:0.000340s ]
[ sql ] [ SQL ] SELECT * FROM `o2o_category` WHERE  `status` = 1  AND `parent_id` = 1 ORDER BY `id`  desc [ RunTime:0.000380s ]
[ sql ] [ SQL ] SHOW COLUMNS FROM `o2o_deal` [ RunTime:0.003707s ]
[ sql ] [ SQL ] SELECT COUNT(*) AS tp_count FROM `o2o_deal` WHERE  (   end_time> 1504193096 AND  status= 1 AND category_id = 1 AND city_id = 5 ) LIMIT 1 [ RunTime:0.001881s ]
[ sql ] [ SQL ] SELECT * FROM `o2o_deal` WHERE  (   end_time> 1504193096 AND  status= 1 AND category_id = 1 AND city_id = 5 ) ORDER BY `id`  desc LIMIT 0,15 [ RunTime:0.001628s ]

---------------------------------------------------------------
[ 2017-08-31T23:24:57+08:00 ] [ sql ] [ DB ] CONNECT:[ UseTime:0.000460s ] mysql:dbname=imooc_o2o;host=localhost;port=8889;charset=utf8
[ sql ] [ SQL ] SHOW COLUMNS FROM `o2o_city` [ RunTime:0.003657s ]
[ sql ] [ SQL ] SELECT * FROM `o2o_city` WHERE  `status` = 1  AND `parent_id` > 0 ORDER BY `id`  desc [ RunTime:0.000532s ]
[ sql ] [ SQL ] SELECT * FROM `o2o_city` WHERE  `uname` = 'nanchang' LIMIT 1 [ RunTime:0.000319s ]
[ sql ] [ SQL ] SHOW COLUMNS FROM `o2o_category` [ RunTime:0.003363s ]
[ sql ] [ SQL ] SELECT * FROM `o2o_category` WHERE  `parent_id` = 0  AND `status` = 1 ORDER BY `listorder`  desc,`id`  desc LIMIT 5 [ RunTime:0.000338s ]
[ sql ] [ SQL ] SELECT * FROM `o2o_category` WHERE  `parent_id` IN (1,6,5,4,2)  AND `status` = 1 ORDER BY `listorder`  desc,`id`  desc [ RunTime:0.000373s ]
[ sql ] [ SQL ] SELECT * FROM `o2o_category` WHERE  `status` = 1  AND `parent_id` = 0 ORDER BY `id`  desc [ RunTime:0.000347s ]
[ sql ] [ SQL ] SELECT * FROM `o2o_category` WHERE  `status` = 1  AND `parent_id` = 1 ORDER BY `id`  desc [ RunTime:0.000321s ]
[ sql ] [ SQL ] SHOW COLUMNS FROM `o2o_deal` [ RunTime:0.004977s ]
[ sql ] [ SQL ] SELECT COUNT(*) AS tp_count FROM `o2o_deal` WHERE  (   end_time> 1504193097 AND  status= 1 AND category_id = 1 AND city_id = 5 ) LIMIT 1 [ RunTime:0.000296s ]
[ sql ] [ SQL ] SELECT * FROM `o2o_deal` WHERE  (   end_time> 1504193097 AND  status= 1 AND category_id = 1 AND city_id = 5 ) ORDER BY `id`  desc LIMIT 0,15 [ RunTime:0.000466s ]

---------------------------------------------------------------
[ 2017-08-31T23:25:06+08:00 ] [ sql ] [ DB ] CONNECT:[ UseTime:0.000376s ] mysql:dbname=imooc_o2o;host=localhost;port=8889;charset=utf8
[ sql ] [ SQL ] SHOW COLUMNS FROM `o2o_city` [ RunTime:0.004058s ]
[ sql ] [ SQL ] SELECT * FROM `o2o_city` WHERE  `status` = 1  AND `parent_id` > 0 ORDER BY `id`  desc [ RunTime:0.000432s ]
[ sql ] [ SQL ] SELECT * FROM `o2o_city` WHERE  `uname` = 'nanchang' LIMIT 1 [ RunTime:0.000334s ]
[ sql ] [ SQL ] SHOW COLUMNS FROM `o2o_category` [ RunTime:0.003860s ]
[ sql ] [ SQL ] SELECT * FROM `o2o_category` WHERE  `parent_id` = 0  AND `status` = 1 ORDER BY `listorder`  desc,`id`  desc LIMIT 5 [ RunTime:0.000409s ]
[ sql ] [ SQL ] SELECT * FROM `o2o_category` WHERE  `parent_id` IN (1,6,5,4,2)  AND `status` = 1 ORDER BY `listorder`  desc,`id`  desc [ RunTime:0.000429s ]
[ sql ] [ SQL ] SHOW COLUMNS FROM `o2o_deal` [ RunTime:0.002634s ]
[ sql ] [ SQL ] SELECT * FROM `o2o_deal` WHERE  `end_time` > 1504193106  AND `category_id` = 1  AND `city_id` = 5  AND `status` = 1 ORDER BY `listorder`  desc,`id`  desc LIMIT 10 [ RunTime:0.000748s ]
[ sql ] [ SQL ] SELECT * FROM `o2o_category` WHERE  `parent_id` = 1  AND `status` = 1 ORDER BY `listorder`  desc,`id`  desc LIMIT 4 [ RunTime:0.000298s ]

---------------------------------------------------------------
[ 2017-08-31T23:25:06+08:00 ] [ sql ] [ DB ] CONNECT:[ UseTime:0.000256s ] mysql:dbname=imooc_o2o;host=localhost;port=8889;charset=utf8
[ sql ] [ SQL ] SHOW COLUMNS FROM `o2o_city` [ RunTime:0.003169s ]
[ sql ] [ SQL ] SELECT * FROM `o2o_city` WHERE  `status` = 1  AND `parent_id` > 0 ORDER BY `id`  desc [ RunTime:0.000411s ]
[ sql ] [ SQL ] SELECT * FROM `o2o_city` WHERE  `uname` = 'nanchang' LIMIT 1 [ RunTime:0.000332s ]
[ sql ] [ SQL ] SHOW COLUMNS FROM `o2o_category` [ RunTime:0.003811s ]
[ sql ] [ SQL ] SELECT * FROM `o2o_category` WHERE  `parent_id` = 0  AND `status` = 1 ORDER BY `listorder`  desc,`id`  desc LIMIT 5 [ RunTime:0.000358s ]
[ sql ] [ SQL ] SELECT * FROM `o2o_category` WHERE  `parent_id` IN (1,6,5,4,2)  AND `status` = 1 ORDER BY `listorder`  desc,`id`  desc [ RunTime:0.000384s ]
[ sql ] [ SQL ] SHOW COLUMNS FROM `o2o_deal` [ RunTime:0.002838s ]
[ sql ] [ SQL ] SELECT * FROM `o2o_deal` WHERE  `end_time` > 1504193106  AND `category_id` = 1  AND `city_id` = 5  AND `status` = 1 ORDER BY `listorder`  desc,`id`  desc LIMIT 10 [ RunTime:0.000547s ]
[ sql ] [ SQL ] SELECT * FROM `o2o_category` WHERE  `parent_id` = 1  AND `status` = 1 ORDER BY `listorder`  desc,`id`  desc LIMIT 4 [ RunTime:0.000285s ]

---------------------------------------------------------------
[ 2017-08-31T23:40:07+08:00 ] [ sql ] [ DB ] CONNECT:[ UseTime:0.000369s ] mysql:dbname=imooc_o2o;host=localhost;port=8889;charset=utf8
[ sql ] [ SQL ] SHOW COLUMNS FROM `o2o_city` [ RunTime:0.003912s ]
[ sql ] [ SQL ] SELECT * FROM `o2o_city` WHERE  `status` = 1  AND `parent_id` > 0 ORDER BY `id`  desc [ RunTime:0.000419s ]
[ sql ] [ SQL ] SELECT * FROM `o2o_city` WHERE  `uname` = 'nanchang' LIMIT 1 [ RunTime:0.000347s ]
[ sql ] [ SQL ] SHOW COLUMNS FROM `o2o_category` [ RunTime:0.003382s ]
[ sql ] [ SQL ] SELECT * FROM `o2o_category` WHERE  `parent_id` = 0  AND `status` = 1 ORDER BY `listorder`  desc,`id`  desc LIMIT 5 [ RunTime:0.000505s ]
[ sql ] [ SQL ] SELECT * FROM `o2o_category` WHERE  `parent_id` IN (1,6,5,4,2)  AND `status` = 1 ORDER BY `listorder`  desc,`id`  desc [ RunTime:0.000964s ]
[ sql ] [ SQL ] SHOW COLUMNS FROM `o2o_deal` [ RunTime:0.002553s ]
[ sql ] [ SQL ] SELECT * FROM `o2o_deal` WHERE  `id` = 11 LIMIT 1 [ RunTime:0.000467s ]
[ sql ] [ SQL ] SELECT * FROM `o2o_category` WHERE  `id` = 1 LIMIT 1 [ RunTime:0.000260s ]
[ sql ] [ SQL ] SHOW COLUMNS FROM `o2o_bis_location` [ RunTime:0.003906s ]
[ sql ] [ SQL ] SELECT * FROM `o2o_bis_location` WHERE  `id` IN (11)  AND `status` = 1 [ RunTime:0.000350s ]

---------------------------------------------------------------
[ 2017-08-31T23:40:10+08:00 ] [ sql ] [ DB ] CONNECT:[ UseTime:0.000272s ] mysql:dbname=imooc_o2o;host=localhost;port=8889;charset=utf8
[ sql ] [ SQL ] SHOW COLUMNS FROM `o2o_city` [ RunTime:0.002321s ]
[ sql ] [ SQL ] SELECT * FROM `o2o_city` WHERE  `status` = 1  AND `parent_id` > 0 ORDER BY `id`  desc [ RunTime:0.000362s ]
[ sql ] [ SQL ] SELECT * FROM `o2o_city` WHERE  `uname` = 'nanchang' LIMIT 1 [ RunTime:0.000289s ]
[ sql ] [ SQL ] SHOW COLUMNS FROM `o2o_category` [ RunTime:0.003213s ]
[ sql ] [ SQL ] SELECT * FROM `o2o_category` WHERE  `parent_id` = 0  AND `status` = 1 ORDER BY `listorder`  desc,`id`  desc LIMIT 5 [ RunTime:0.000345s ]
[ sql ] [ SQL ] SELECT * FROM `o2o_category` WHERE  `parent_id` IN (1,6,5,4,2)  AND `status` = 1 ORDER BY `listorder`  desc,`id`  desc [ RunTime:0.000402s ]
[ sql ] [ SQL ] SHOW COLUMNS FROM `o2o_deal` [ RunTime:0.003508s ]
[ sql ] [ SQL ] SELECT * FROM `o2o_deal` WHERE  `id` = 11 LIMIT 1 [ RunTime:0.000394s ]
[ sql ] [ SQL ] SELECT * FROM `o2o_category` WHERE  `id` = 1 LIMIT 1 [ RunTime:0.000245s ]
[ sql ] [ SQL ] SHOW COLUMNS FROM `o2o_bis_location` [ RunTime:0.004847s ]
[ sql ] [ SQL ] SELECT * FROM `o2o_bis_location` WHERE  `id` IN (11)  AND `status` = 1 [ RunTime:0.000334s ]

---------------------------------------------------------------
[ 2017-08-31T23:40:14+08:00 ] [ sql ] [ DB ] CONNECT:[ UseTime:0.000219s ] mysql:dbname=imooc_o2o;host=localhost;port=8889;charset=utf8
[ sql ] [ SQL ] SHOW COLUMNS FROM `o2o_city` [ RunTime:0.002265s ]
[ sql ] [ SQL ] SELECT * FROM `o2o_city` WHERE  `status` = 1  AND `parent_id` > 0 ORDER BY `id`  desc [ RunTime:0.000362s ]
[ sql ] [ SQL ] SELECT * FROM `o2o_city` WHERE  `uname` = 'nanchang' LIMIT 1 [ RunTime:0.000296s ]
[ sql ] [ SQL ] SHOW COLUMNS FROM `o2o_category` [ RunTime:0.002398s ]
[ sql ] [ SQL ] SELECT * FROM `o2o_category` WHERE  `parent_id` = 0  AND `status` = 1 ORDER BY `listorder`  desc,`id`  desc LIMIT 5 [ RunTime:0.000446s ]
[ sql ] [ SQL ] SELECT * FROM `o2o_category` WHERE  `parent_id` IN (1,6,5,4,2)  AND `status` = 1 ORDER BY `listorder`  desc,`id`  desc [ RunTime:0.001066s ]
[ sql ] [ SQL ] SHOW COLUMNS FROM `o2o_deal` [ RunTime:0.004662s ]
[ sql ] [ SQL ] SELECT * FROM `o2o_deal` WHERE  `id` = 9 LIMIT 1 [ RunTime:0.000437s ]
[ sql ] [ SQL ] SELECT * FROM `o2o_category` WHERE  `id` = 1 LIMIT 1 [ RunTime:0.000249s ]
[ sql ] [ SQL ] SHOW COLUMNS FROM `o2o_bis_location` [ RunTime:0.002704s ]
[ sql ] [ SQL ] SELECT * FROM `o2o_bis_location` WHERE  `id` IN (10)  AND `status` = 1 [ RunTime:0.000452s ]

---------------------------------------------------------------
[ 2017-08-31T23:40:14+08:00 ] [ sql ] [ DB ] CONNECT:[ UseTime:0.000239s ] mysql:dbname=imooc_o2o;host=localhost;port=8889;charset=utf8
[ sql ] [ SQL ] SHOW COLUMNS FROM `o2o_city` [ RunTime:0.003570s ]
[ sql ] [ SQL ] SELECT * FROM `o2o_city` WHERE  `status` = 1  AND `parent_id` > 0 ORDER BY `id`  desc [ RunTime:0.000397s ]
[ sql ] [ SQL ] SELECT * FROM `o2o_city` WHERE  `uname` = 'nanchang' LIMIT 1 [ RunTime:0.000322s ]
[ sql ] [ SQL ] SHOW COLUMNS FROM `o2o_category` [ RunTime:0.004520s ]
[ sql ] [ SQL ] SELECT * FROM `o2o_category` WHERE  `parent_id` = 0  AND `status` = 1 ORDER BY `listorder`  desc,`id`  desc LIMIT 5 [ RunTime:0.000412s ]
[ sql ] [ SQL ] SELECT * FROM `o2o_category` WHERE  `parent_id` IN (1,6,5,4,2)  AND `status` = 1 ORDER BY `listorder`  desc,`id`  desc [ RunTime:0.000424s ]
[ sql ] [ SQL ] SHOW COLUMNS FROM `o2o_deal` [ RunTime:0.004246s ]
[ sql ] [ SQL ] SELECT * FROM `o2o_deal` WHERE  `id` = 9 LIMIT 1 [ RunTime:0.000455s ]
[ sql ] [ SQL ] SELECT * FROM `o2o_category` WHERE  `id` = 1 LIMIT 1 [ RunTime:0.000257s ]
[ sql ] [ SQL ] SHOW COLUMNS FROM `o2o_bis_location` [ RunTime:0.003690s ]
[ sql ] [ SQL ] SELECT * FROM `o2o_bis_location` WHERE  `id` IN (10)  AND `status` = 1 [ RunTime:0.000351s ]

---------------------------------------------------------------
[ 2017-08-31T23:40:20+08:00 ] [ sql ] [ DB ] CONNECT:[ UseTime:0.000381s ] mysql:dbname=imooc_o2o;host=localhost;port=8889;charset=utf8
[ sql ] [ SQL ] SHOW COLUMNS FROM `o2o_city` [ RunTime:0.002760s ]
[ sql ] [ SQL ] SELECT * FROM `o2o_city` WHERE  `status` = 1  AND `parent_id` > 0 ORDER BY `id`  desc [ RunTime:0.000411s ]
[ sql ] [ SQL ] SELECT * FROM `o2o_city` WHERE  `uname` = 'nanchang' LIMIT 1 [ RunTime:0.000522s ]
[ sql ] [ SQL ] SHOW COLUMNS FROM `o2o_category` [ RunTime:0.003436s ]
[ sql ] [ SQL ] SELECT * FROM `o2o_category` WHERE  `parent_id` = 0  AND `status` = 1 ORDER BY `listorder`  desc,`id`  desc LIMIT 5 [ RunTime:0.000365s ]
[ sql ] [ SQL ] SELECT * FROM `o2o_category` WHERE  `parent_id` IN (1,6,5,4,2)  AND `status` = 1 ORDER BY `listorder`  desc,`id`  desc [ RunTime:0.000416s ]
[ sql ] [ SQL ] SHOW COLUMNS FROM `o2o_deal` [ RunTime:0.004493s ]
[ sql ] [ SQL ] SELECT * FROM `o2o_deal` WHERE  `id` = 11 LIMIT 1 [ RunTime:0.000497s ]
[ sql ] [ SQL ] SELECT * FROM `o2o_category` WHERE  `id` = 1 LIMIT 1 [ RunTime:0.000284s ]
[ sql ] [ SQL ] SHOW COLUMNS FROM `o2o_bis_location` [ RunTime:0.002629s ]
[ sql ] [ SQL ] SELECT * FROM `o2o_bis_location` WHERE  `id` IN (11)  AND `status` = 1 [ RunTime:0.000792s ]

---------------------------------------------------------------
[ 2017-08-31T23:40:21+08:00 ] [ sql ] [ DB ] CONNECT:[ UseTime:0.000245s ] mysql:dbname=imooc_o2o;host=localhost;port=8889;charset=utf8
[ sql ] [ SQL ] SHOW COLUMNS FROM `o2o_city` [ RunTime:0.004602s ]
[ sql ] [ SQL ] SELECT * FROM `o2o_city` WHERE  `status` = 1  AND `parent_id` > 0 ORDER BY `id`  desc [ RunTime:0.000438s ]
[ sql ] [ SQL ] SELECT * FROM `o2o_city` WHERE  `uname` = 'nanchang' LIMIT 1 [ RunTime:0.000328s ]
[ sql ] [ SQL ] SHOW COLUMNS FROM `o2o_category` [ RunTime:0.003468s ]
[ sql ] [ SQL ] SELECT * FROM `o2o_category` WHERE  `parent_id` = 0  AND `status` = 1 ORDER BY `listorder`  desc,`id`  desc LIMIT 5 [ RunTime:0.000667s ]
[ sql ] [ SQL ] SELECT * FROM `o2o_category` WHERE  `parent_id` IN (1,6,5,4,2)  AND `status` = 1 ORDER BY `listorder`  desc,`id`  desc [ RunTime:0.000420s ]
[ sql ] [ SQL ] SHOW COLUMNS FROM `o2o_deal` [ RunTime:0.003356s ]
[ sql ] [ SQL ] SELECT * FROM `o2o_deal` WHERE  `id` = 11 LIMIT 1 [ RunTime:0.000407s ]
[ sql ] [ SQL ] SELECT * FROM `o2o_category` WHERE  `id` = 1 LIMIT 1 [ RunTime:0.000377s ]
[ sql ] [ SQL ] SHOW COLUMNS FROM `o2o_bis_location` [ RunTime:0.004882s ]
[ sql ] [ SQL ] SELECT * FROM `o2o_bis_location` WHERE  `id` IN (11)  AND `status` = 1 [ RunTime:0.000368s ]

---------------------------------------------------------------
