[ 2017-04-20T02:04:15+08:00 ] ::1 ::1 GET /index.php?s=admin
[ log ] o2o.singwa.com/index.php?s=admin [运行时间：0.141634s][吞吐率：7.06req/s] [内存消耗：1,974.05kb] [文件加载：44]
[ info ] [ LANG ] /Applications/MAMP/htdocs/imooc_o2o/thinkphp/lang/zh-cn.php
[ info ] [ ROUTE ] array (
  'type' => 'module',
  'module' => 
  array (
    0 => 'admin',
    1 => NULL,
    2 => NULL,
  ),
)
[ info ] [ HEADER ] array (
  'host' => 'o2o.singwa.com',
  'connection' => 'keep-alive',
  'upgrade-insecure-requests' => '1',
  'user-agent' => 'Mozilla/5.0 (Macintosh; Intel Mac OS X 10_10_2) AppleWebKit/537.36 (KHTML, like Gecko) Chrome/55.0.2883.95 Safari/537.36',
  'accept' => 'text/html,application/xhtml+xml,application/xml;q=0.9,image/webp,*/*;q=0.8',
  'accept-encoding' => 'gzip, deflate, sdch',
  'accept-language' => 'zh-CN,zh;q=0.8,en;q=0.6',
  'cookie' => 'thinkphp_show_page_trace=1|5; pgv_pvi=8978985984; pgv_si=s8645249024; PHPSESSID=b8b4768bbcc4f0513f9ac7864a3ee78d; Huiskin=default; thinkphp_show_page_trace=0|5',
)
[ info ] [ PARAM ] array (
)
[ info ] [ RUN ] app\admin\controller\Index->index[ /Applications/MAMP/htdocs/imooc_o2o/application/admin/controller/Index.php ]
[ info ] [ VIEW ] /Applications/MAMP/htdocs/imooc_o2o/public/../application/admin/view/index/index.html [ array (
) ]
[ info ] [ LOG ] INIT File

---------------------------------------------------------------
[ 2017-04-20T02:04:16+08:00 ] ::1 ::1 GET /index.php/admin/index/welcome.html
[ log ] o2o.singwa.com/index.php/admin/index/welcome.html [运行时间：0.049402s][吞吐率：20.24req/s] [内存消耗：1,888.60kb] [文件加载：42]
[ info ] [ LANG ] /Applications/MAMP/htdocs/imooc_o2o/thinkphp/lang/zh-cn.php
[ info ] [ ROUTE ] array (
  'type' => 'module',
  'module' => 
  array (
    0 => 'admin',
    1 => 'index',
    2 => 'welcome',
  ),
)
[ info ] [ HEADER ] array (
  'host' => 'o2o.singwa.com',
  'connection' => 'keep-alive',
  'upgrade-insecure-requests' => '1',
  'user-agent' => 'Mozilla/5.0 (Macintosh; Intel Mac OS X 10_10_2) AppleWebKit/537.36 (KHTML, like Gecko) Chrome/55.0.2883.95 Safari/537.36',
  'accept' => 'text/html,application/xhtml+xml,application/xml;q=0.9,image/webp,*/*;q=0.8',
  'referer' => 'http://o2o.singwa.com/index.php?s=admin',
  'accept-encoding' => 'gzip, deflate, sdch',
  'accept-language' => 'zh-CN,zh;q=0.8,en;q=0.6',
  'cookie' => 'thinkphp_show_page_trace=1|0; thinkphp_show_page_trace=1|5; pgv_pvi=8978985984; pgv_si=s8645249024; PHPSESSID=b8b4768bbcc4f0513f9ac7864a3ee78d; Huiskin=default; thinkphp_show_page_trace=0|5',
)
[ info ] [ PARAM ] array (
)
[ info ] [ RUN ] app\admin\controller\Index->welcome[ /Applications/MAMP/htdocs/imooc_o2o/application/admin/controller/Index.php ]
[ info ] [ LOG ] INIT File

---------------------------------------------------------------
[ 2017-04-20T02:04:18+08:00 ] ::1 ::1 GET /index.php/admin/category/index.html
[ log ] o2o.singwa.com/index.php/admin/category/index.html [运行时间：0.161173s][吞吐率：6.20req/s] [内存消耗：3,494.93kb] [文件加载：57]
[ info ] [ LANG ] /Applications/MAMP/htdocs/imooc_o2o/thinkphp/lang/zh-cn.php
[ info ] [ ROUTE ] array (
  'type' => 'module',
  'module' => 
  array (
    0 => 'admin',
    1 => 'category',
    2 => 'index',
  ),
)
[ info ] [ HEADER ] array (
  'host' => 'o2o.singwa.com',
  'connection' => 'keep-alive',
  'upgrade-insecure-requests' => '1',
  'user-agent' => 'Mozilla/5.0 (Macintosh; Intel Mac OS X 10_10_2) AppleWebKit/537.36 (KHTML, like Gecko) Chrome/55.0.2883.95 Safari/537.36',
  'accept' => 'text/html,application/xhtml+xml,application/xml;q=0.9,image/webp,*/*;q=0.8',
  'referer' => 'http://o2o.singwa.com/index.php?s=admin',
  'accept-encoding' => 'gzip, deflate, sdch',
  'accept-language' => 'zh-CN,zh;q=0.8,en;q=0.6',
  'cookie' => 'thinkphp_show_page_trace=0|5; thinkphp_show_page_trace=1|5; pgv_pvi=8978985984; pgv_si=s8645249024; PHPSESSID=b8b4768bbcc4f0513f9ac7864a3ee78d; Huiskin=default; thinkphp_show_page_trace=0|5',
)
[ info ] [ PARAM ] array (
)
[ info ] [ DB ] INIT mysql
[ info ] [ RUN ] app\admin\controller\Category->index[ /Applications/MAMP/htdocs/imooc_o2o/application/admin/controller/Category.php ]
[ info ] [ VIEW ] /Applications/MAMP/htdocs/imooc_o2o/public/../application/admin/view/category/index.html [ array (
  0 => 'categorys',
) ]
[ info ] [ LOG ] INIT File

---------------------------------------------------------------
[ 2017-04-20T02:04:22+08:00 ] ::1 ::1 GET /index.php/admin/category/index.html
[ log ] o2o.singwa.com/index.php/admin/category/index.html [运行时间：0.078359s][吞吐率：12.76req/s] [内存消耗：3,494.93kb] [文件加载：57]
[ info ] [ LANG ] /Applications/MAMP/htdocs/imooc_o2o/thinkphp/lang/zh-cn.php
[ info ] [ ROUTE ] array (
  'type' => 'module',
  'module' => 
  array (
    0 => 'admin',
    1 => 'category',
    2 => 'index',
  ),
)
[ info ] [ HEADER ] array (
  'host' => 'o2o.singwa.com',
  'connection' => 'keep-alive',
  'upgrade-insecure-requests' => '1',
  'user-agent' => 'Mozilla/5.0 (Macintosh; Intel Mac OS X 10_10_2) AppleWebKit/537.36 (KHTML, like Gecko) Chrome/55.0.2883.95 Safari/537.36',
  'accept' => 'text/html,application/xhtml+xml,application/xml;q=0.9,image/webp,*/*;q=0.8',
  'referer' => 'http://o2o.singwa.com/index.php?s=admin',
  'accept-encoding' => 'gzip, deflate, sdch',
  'accept-language' => 'zh-CN,zh;q=0.8,en;q=0.6',
  'cookie' => 'thinkphp_show_page_trace=0|5; thinkphp_show_page_trace=1|5; pgv_pvi=8978985984; pgv_si=s8645249024; PHPSESSID=b8b4768bbcc4f0513f9ac7864a3ee78d; Huiskin=default; thinkphp_show_page_trace=0|5',
)
[ info ] [ PARAM ] array (
)
[ info ] [ DB ] INIT mysql
[ info ] [ RUN ] app\admin\controller\Category->index[ /Applications/MAMP/htdocs/imooc_o2o/application/admin/controller/Category.php ]
[ info ] [ VIEW ] /Applications/MAMP/htdocs/imooc_o2o/public/../application/admin/view/category/index.html [ array (
  0 => 'categorys',
) ]
[ info ] [ LOG ] INIT File

---------------------------------------------------------------
[ 2017-04-20T02:04:23+08:00 ] ::1 ::1 GET /index.php/admin/category/index.html
[ log ] o2o.singwa.com/index.php/admin/category/index.html [运行时间：0.080948s][吞吐率：12.35req/s] [内存消耗：3,494.93kb] [文件加载：57]
[ info ] [ LANG ] /Applications/MAMP/htdocs/imooc_o2o/thinkphp/lang/zh-cn.php
[ info ] [ ROUTE ] array (
  'type' => 'module',
  'module' => 
  array (
    0 => 'admin',
    1 => 'category',
    2 => 'index',
  ),
)
[ info ] [ HEADER ] array (
  'host' => 'o2o.singwa.com',
  'connection' => 'keep-alive',
  'upgrade-insecure-requests' => '1',
  'user-agent' => 'Mozilla/5.0 (Macintosh; Intel Mac OS X 10_10_2) AppleWebKit/537.36 (KHTML, like Gecko) Chrome/55.0.2883.95 Safari/537.36',
  'accept' => 'text/html,application/xhtml+xml,application/xml;q=0.9,image/webp,*/*;q=0.8',
  'referer' => 'http://o2o.singwa.com/index.php?s=admin',
  'accept-encoding' => 'gzip, deflate, sdch',
  'accept-language' => 'zh-CN,zh;q=0.8,en;q=0.6',
  'cookie' => 'thinkphp_show_page_trace=0|5; thinkphp_show_page_trace=1|5; pgv_pvi=8978985984; pgv_si=s8645249024; PHPSESSID=b8b4768bbcc4f0513f9ac7864a3ee78d; Huiskin=default; thinkphp_show_page_trace=0|5',
)
[ info ] [ PARAM ] array (
)
[ info ] [ DB ] INIT mysql
[ info ] [ RUN ] app\admin\controller\Category->index[ /Applications/MAMP/htdocs/imooc_o2o/application/admin/controller/Category.php ]
[ info ] [ VIEW ] /Applications/MAMP/htdocs/imooc_o2o/public/../application/admin/view/category/index.html [ array (
  0 => 'categorys',
) ]
[ info ] [ LOG ] INIT File

---------------------------------------------------------------
[ 2017-04-20T02:04:23+08:00 ] ::1 ::1 GET /index.php/admin/category/index.html
[ log ] o2o.singwa.com/index.php/admin/category/index.html [运行时间：0.096829s][吞吐率：10.33req/s] [内存消耗：3,494.93kb] [文件加载：57]
[ info ] [ LANG ] /Applications/MAMP/htdocs/imooc_o2o/thinkphp/lang/zh-cn.php
[ info ] [ ROUTE ] array (
  'type' => 'module',
  'module' => 
  array (
    0 => 'admin',
    1 => 'category',
    2 => 'index',
  ),
)
[ info ] [ HEADER ] array (
  'host' => 'o2o.singwa.com',
  'connection' => 'keep-alive',
  'upgrade-insecure-requests' => '1',
  'user-agent' => 'Mozilla/5.0 (Macintosh; Intel Mac OS X 10_10_2) AppleWebKit/537.36 (KHTML, like Gecko) Chrome/55.0.2883.95 Safari/537.36',
  'accept' => 'text/html,application/xhtml+xml,application/xml;q=0.9,image/webp,*/*;q=0.8',
  'referer' => 'http://o2o.singwa.com/index.php?s=admin',
  'accept-encoding' => 'gzip, deflate, sdch',
  'accept-language' => 'zh-CN,zh;q=0.8,en;q=0.6',
  'cookie' => 'thinkphp_show_page_trace=0|5; thinkphp_show_page_trace=1|5; pgv_pvi=8978985984; pgv_si=s8645249024; PHPSESSID=b8b4768bbcc4f0513f9ac7864a3ee78d; Huiskin=default; thinkphp_show_page_trace=0|5',
)
[ info ] [ PARAM ] array (
)
[ info ] [ DB ] INIT mysql
[ info ] [ RUN ] app\admin\controller\Category->index[ /Applications/MAMP/htdocs/imooc_o2o/application/admin/controller/Category.php ]
[ info ] [ VIEW ] /Applications/MAMP/htdocs/imooc_o2o/public/../application/admin/view/category/index.html [ array (
  0 => 'categorys',
) ]
[ info ] [ LOG ] INIT File

---------------------------------------------------------------
[ 2017-04-20T02:04:23+08:00 ] ::1 ::1 GET /index.php/admin/category/index.html
[ log ] o2o.singwa.com/index.php/admin/category/index.html [运行时间：0.109499s][吞吐率：9.13req/s] [内存消耗：3,494.93kb] [文件加载：57]
[ info ] [ LANG ] /Applications/MAMP/htdocs/imooc_o2o/thinkphp/lang/zh-cn.php
[ info ] [ ROUTE ] array (
  'type' => 'module',
  'module' => 
  array (
    0 => 'admin',
    1 => 'category',
    2 => 'index',
  ),
)
[ info ] [ HEADER ] array (
  'host' => 'o2o.singwa.com',
  'connection' => 'keep-alive',
  'upgrade-insecure-requests' => '1',
  'user-agent' => 'Mozilla/5.0 (Macintosh; Intel Mac OS X 10_10_2) AppleWebKit/537.36 (KHTML, like Gecko) Chrome/55.0.2883.95 Safari/537.36',
  'accept' => 'text/html,application/xhtml+xml,application/xml;q=0.9,image/webp,*/*;q=0.8',
  'referer' => 'http://o2o.singwa.com/index.php?s=admin',
  'accept-encoding' => 'gzip, deflate, sdch',
  'accept-language' => 'zh-CN,zh;q=0.8,en;q=0.6',
  'cookie' => 'thinkphp_show_page_trace=0|5; thinkphp_show_page_trace=1|5; pgv_pvi=8978985984; pgv_si=s8645249024; PHPSESSID=b8b4768bbcc4f0513f9ac7864a3ee78d; Huiskin=default; thinkphp_show_page_trace=0|5',
)
[ info ] [ PARAM ] array (
)
[ info ] [ DB ] INIT mysql
[ info ] [ RUN ] app\admin\controller\Category->index[ /Applications/MAMP/htdocs/imooc_o2o/application/admin/controller/Category.php ]
[ info ] [ VIEW ] /Applications/MAMP/htdocs/imooc_o2o/public/../application/admin/view/category/index.html [ array (
  0 => 'categorys',
) ]
[ info ] [ LOG ] INIT File

---------------------------------------------------------------
[ 2017-04-20T02:04:23+08:00 ] ::1 ::1 GET /index.php/admin/category/index.html
[ log ] o2o.singwa.com/index.php/admin/category/index.html [运行时间：0.070319s][吞吐率：14.22req/s] [内存消耗：3,494.93kb] [文件加载：57]
[ info ] [ LANG ] /Applications/MAMP/htdocs/imooc_o2o/thinkphp/lang/zh-cn.php
[ info ] [ ROUTE ] array (
  'type' => 'module',
  'module' => 
  array (
    0 => 'admin',
    1 => 'category',
    2 => 'index',
  ),
)
[ info ] [ HEADER ] array (
  'host' => 'o2o.singwa.com',
  'connection' => 'keep-alive',
  'upgrade-insecure-requests' => '1',
  'user-agent' => 'Mozilla/5.0 (Macintosh; Intel Mac OS X 10_10_2) AppleWebKit/537.36 (KHTML, like Gecko) Chrome/55.0.2883.95 Safari/537.36',
  'accept' => 'text/html,application/xhtml+xml,application/xml;q=0.9,image/webp,*/*;q=0.8',
  'referer' => 'http://o2o.singwa.com/index.php?s=admin',
  'accept-encoding' => 'gzip, deflate, sdch',
  'accept-language' => 'zh-CN,zh;q=0.8,en;q=0.6',
  'cookie' => 'thinkphp_show_page_trace=0|5; thinkphp_show_page_trace=1|5; pgv_pvi=8978985984; pgv_si=s8645249024; PHPSESSID=b8b4768bbcc4f0513f9ac7864a3ee78d; Huiskin=default; thinkphp_show_page_trace=0|5',
)
[ info ] [ PARAM ] array (
)
[ info ] [ DB ] INIT mysql
[ info ] [ RUN ] app\admin\controller\Category->index[ /Applications/MAMP/htdocs/imooc_o2o/application/admin/controller/Category.php ]
[ info ] [ VIEW ] /Applications/MAMP/htdocs/imooc_o2o/public/../application/admin/view/category/index.html [ array (
  0 => 'categorys',
) ]
[ info ] [ LOG ] INIT File

---------------------------------------------------------------
[ 2017-04-20T02:04:23+08:00 ] ::1 ::1 GET /index.php/admin/category/index.html
[ log ] o2o.singwa.com/index.php/admin/category/index.html [运行时间：0.078009s][吞吐率：12.82req/s] [内存消耗：3,494.93kb] [文件加载：57]
[ info ] [ LANG ] /Applications/MAMP/htdocs/imooc_o2o/thinkphp/lang/zh-cn.php
[ info ] [ ROUTE ] array (
  'type' => 'module',
  'module' => 
  array (
    0 => 'admin',
    1 => 'category',
    2 => 'index',
  ),
)
[ info ] [ HEADER ] array (
  'host' => 'o2o.singwa.com',
  'connection' => 'keep-alive',
  'upgrade-insecure-requests' => '1',
  'user-agent' => 'Mozilla/5.0 (Macintosh; Intel Mac OS X 10_10_2) AppleWebKit/537.36 (KHTML, like Gecko) Chrome/55.0.2883.95 Safari/537.36',
  'accept' => 'text/html,application/xhtml+xml,application/xml;q=0.9,image/webp,*/*;q=0.8',
  'referer' => 'http://o2o.singwa.com/index.php?s=admin',
  'accept-encoding' => 'gzip, deflate, sdch',
  'accept-language' => 'zh-CN,zh;q=0.8,en;q=0.6',
  'cookie' => 'thinkphp_show_page_trace=0|5; thinkphp_show_page_trace=1|5; pgv_pvi=8978985984; pgv_si=s8645249024; PHPSESSID=b8b4768bbcc4f0513f9ac7864a3ee78d; Huiskin=default; thinkphp_show_page_trace=0|5',
)
[ info ] [ PARAM ] array (
)
[ info ] [ DB ] INIT mysql
[ info ] [ RUN ] app\admin\controller\Category->index[ /Applications/MAMP/htdocs/imooc_o2o/application/admin/controller/Category.php ]
[ info ] [ VIEW ] /Applications/MAMP/htdocs/imooc_o2o/public/../application/admin/view/category/index.html [ array (
  0 => 'categorys',
) ]
[ info ] [ LOG ] INIT File

---------------------------------------------------------------
[ 2017-04-20T02:04:24+08:00 ] ::1 ::1 GET /index.php/admin/category/index.html
[ log ] o2o.singwa.com/index.php/admin/category/index.html [运行时间：0.102230s][吞吐率：9.78req/s] [内存消耗：3,494.93kb] [文件加载：57]
[ info ] [ LANG ] /Applications/MAMP/htdocs/imooc_o2o/thinkphp/lang/zh-cn.php
[ info ] [ ROUTE ] array (
  'type' => 'module',
  'module' => 
  array (
    0 => 'admin',
    1 => 'category',
    2 => 'index',
  ),
)
[ info ] [ HEADER ] array (
  'host' => 'o2o.singwa.com',
  'connection' => 'keep-alive',
  'upgrade-insecure-requests' => '1',
  'user-agent' => 'Mozilla/5.0 (Macintosh; Intel Mac OS X 10_10_2) AppleWebKit/537.36 (KHTML, like Gecko) Chrome/55.0.2883.95 Safari/537.36',
  'accept' => 'text/html,application/xhtml+xml,application/xml;q=0.9,image/webp,*/*;q=0.8',
  'referer' => 'http://o2o.singwa.com/index.php?s=admin',
  'accept-encoding' => 'gzip, deflate, sdch',
  'accept-language' => 'zh-CN,zh;q=0.8,en;q=0.6',
  'cookie' => 'thinkphp_show_page_trace=0|5; thinkphp_show_page_trace=1|5; pgv_pvi=8978985984; pgv_si=s8645249024; PHPSESSID=b8b4768bbcc4f0513f9ac7864a3ee78d; Huiskin=default; thinkphp_show_page_trace=0|5',
)
[ info ] [ PARAM ] array (
)
[ info ] [ DB ] INIT mysql
[ info ] [ RUN ] app\admin\controller\Category->index[ /Applications/MAMP/htdocs/imooc_o2o/application/admin/controller/Category.php ]
[ info ] [ VIEW ] /Applications/MAMP/htdocs/imooc_o2o/public/../application/admin/view/category/index.html [ array (
  0 => 'categorys',
) ]
[ info ] [ LOG ] INIT File

---------------------------------------------------------------
[ 2017-04-20T02:04:24+08:00 ] ::1 ::1 GET /index.php/admin/category/index.html
[ log ] o2o.singwa.com/index.php/admin/category/index.html [运行时间：0.069774s][吞吐率：14.33req/s] [内存消耗：3,494.93kb] [文件加载：57]
[ info ] [ LANG ] /Applications/MAMP/htdocs/imooc_o2o/thinkphp/lang/zh-cn.php
[ info ] [ ROUTE ] array (
  'type' => 'module',
  'module' => 
  array (
    0 => 'admin',
    1 => 'category',
    2 => 'index',
  ),
)
[ info ] [ HEADER ] array (
  'host' => 'o2o.singwa.com',
  'connection' => 'keep-alive',
  'upgrade-insecure-requests' => '1',
  'user-agent' => 'Mozilla/5.0 (Macintosh; Intel Mac OS X 10_10_2) AppleWebKit/537.36 (KHTML, like Gecko) Chrome/55.0.2883.95 Safari/537.36',
  'accept' => 'text/html,application/xhtml+xml,application/xml;q=0.9,image/webp,*/*;q=0.8',
  'referer' => 'http://o2o.singwa.com/index.php?s=admin',
  'accept-encoding' => 'gzip, deflate, sdch',
  'accept-language' => 'zh-CN,zh;q=0.8,en;q=0.6',
  'cookie' => 'thinkphp_show_page_trace=0|5; thinkphp_show_page_trace=1|5; pgv_pvi=8978985984; pgv_si=s8645249024; PHPSESSID=b8b4768bbcc4f0513f9ac7864a3ee78d; Huiskin=default; thinkphp_show_page_trace=0|5',
)
[ info ] [ PARAM ] array (
)
[ info ] [ DB ] INIT mysql
[ info ] [ RUN ] app\admin\controller\Category->index[ /Applications/MAMP/htdocs/imooc_o2o/application/admin/controller/Category.php ]
[ info ] [ VIEW ] /Applications/MAMP/htdocs/imooc_o2o/public/../application/admin/view/category/index.html [ array (
  0 => 'categorys',
) ]
[ info ] [ LOG ] INIT File

---------------------------------------------------------------
[ 2017-04-20T02:04:24+08:00 ] ::1 ::1 GET /index.php/admin/category/index.html
[ log ] o2o.singwa.com/index.php/admin/category/index.html [运行时间：0.081122s][吞吐率：12.33req/s] [内存消耗：3,494.93kb] [文件加载：57]
[ info ] [ LANG ] /Applications/MAMP/htdocs/imooc_o2o/thinkphp/lang/zh-cn.php
[ info ] [ ROUTE ] array (
  'type' => 'module',
  'module' => 
  array (
    0 => 'admin',
    1 => 'category',
    2 => 'index',
  ),
)
[ info ] [ HEADER ] array (
  'host' => 'o2o.singwa.com',
  'connection' => 'keep-alive',
  'upgrade-insecure-requests' => '1',
  'user-agent' => 'Mozilla/5.0 (Macintosh; Intel Mac OS X 10_10_2) AppleWebKit/537.36 (KHTML, like Gecko) Chrome/55.0.2883.95 Safari/537.36',
  'accept' => 'text/html,application/xhtml+xml,application/xml;q=0.9,image/webp,*/*;q=0.8',
  'referer' => 'http://o2o.singwa.com/index.php?s=admin',
  'accept-encoding' => 'gzip, deflate, sdch',
  'accept-language' => 'zh-CN,zh;q=0.8,en;q=0.6',
  'cookie' => 'thinkphp_show_page_trace=0|5; thinkphp_show_page_trace=1|5; pgv_pvi=8978985984; pgv_si=s8645249024; PHPSESSID=b8b4768bbcc4f0513f9ac7864a3ee78d; Huiskin=default; thinkphp_show_page_trace=0|5',
)
[ info ] [ PARAM ] array (
)
[ info ] [ DB ] INIT mysql
[ info ] [ RUN ] app\admin\controller\Category->index[ /Applications/MAMP/htdocs/imooc_o2o/application/admin/controller/Category.php ]
[ info ] [ VIEW ] /Applications/MAMP/htdocs/imooc_o2o/public/../application/admin/view/category/index.html [ array (
  0 => 'categorys',
) ]
[ info ] [ LOG ] INIT File

---------------------------------------------------------------
[ 2017-04-20T02:04:25+08:00 ] ::1 ::1 GET /index.php/admin/category/index.html
[ log ] o2o.singwa.com/index.php/admin/category/index.html [运行时间：0.092024s][吞吐率：10.87req/s] [内存消耗：3,494.93kb] [文件加载：57]
[ info ] [ LANG ] /Applications/MAMP/htdocs/imooc_o2o/thinkphp/lang/zh-cn.php
[ info ] [ ROUTE ] array (
  'type' => 'module',
  'module' => 
  array (
    0 => 'admin',
    1 => 'category',
    2 => 'index',
  ),
)
[ info ] [ HEADER ] array (
  'host' => 'o2o.singwa.com',
  'connection' => 'keep-alive',
  'upgrade-insecure-requests' => '1',
  'user-agent' => 'Mozilla/5.0 (Macintosh; Intel Mac OS X 10_10_2) AppleWebKit/537.36 (KHTML, like Gecko) Chrome/55.0.2883.95 Safari/537.36',
  'accept' => 'text/html,application/xhtml+xml,application/xml;q=0.9,image/webp,*/*;q=0.8',
  'referer' => 'http://o2o.singwa.com/index.php?s=admin',
  'accept-encoding' => 'gzip, deflate, sdch',
  'accept-language' => 'zh-CN,zh;q=0.8,en;q=0.6',
  'cookie' => 'thinkphp_show_page_trace=0|5; thinkphp_show_page_trace=1|5; pgv_pvi=8978985984; pgv_si=s8645249024; PHPSESSID=b8b4768bbcc4f0513f9ac7864a3ee78d; Huiskin=default; thinkphp_show_page_trace=0|5',
)
[ info ] [ PARAM ] array (
)
[ info ] [ DB ] INIT mysql
[ info ] [ RUN ] app\admin\controller\Category->index[ /Applications/MAMP/htdocs/imooc_o2o/application/admin/controller/Category.php ]
[ info ] [ VIEW ] /Applications/MAMP/htdocs/imooc_o2o/public/../application/admin/view/category/index.html [ array (
  0 => 'categorys',
) ]
[ info ] [ LOG ] INIT File

---------------------------------------------------------------
[ 2017-04-20T02:04:25+08:00 ] ::1 ::1 GET /index.php/admin/category/index.html
[ log ] o2o.singwa.com/index.php/admin/category/index.html [运行时间：0.097539s][吞吐率：10.25req/s] [内存消耗：3,494.93kb] [文件加载：57]
[ info ] [ LANG ] /Applications/MAMP/htdocs/imooc_o2o/thinkphp/lang/zh-cn.php
[ info ] [ ROUTE ] array (
  'type' => 'module',
  'module' => 
  array (
    0 => 'admin',
    1 => 'category',
    2 => 'index',
  ),
)
[ info ] [ HEADER ] array (
  'host' => 'o2o.singwa.com',
  'connection' => 'keep-alive',
  'upgrade-insecure-requests' => '1',
  'user-agent' => 'Mozilla/5.0 (Macintosh; Intel Mac OS X 10_10_2) AppleWebKit/537.36 (KHTML, like Gecko) Chrome/55.0.2883.95 Safari/537.36',
  'accept' => 'text/html,application/xhtml+xml,application/xml;q=0.9,image/webp,*/*;q=0.8',
  'referer' => 'http://o2o.singwa.com/index.php?s=admin',
  'accept-encoding' => 'gzip, deflate, sdch',
  'accept-language' => 'zh-CN,zh;q=0.8,en;q=0.6',
  'cookie' => 'thinkphp_show_page_trace=0|5; thinkphp_show_page_trace=1|5; pgv_pvi=8978985984; pgv_si=s8645249024; PHPSESSID=b8b4768bbcc4f0513f9ac7864a3ee78d; Huiskin=default; thinkphp_show_page_trace=0|5',
)
[ info ] [ PARAM ] array (
)
[ info ] [ DB ] INIT mysql
[ info ] [ RUN ] app\admin\controller\Category->index[ /Applications/MAMP/htdocs/imooc_o2o/application/admin/controller/Category.php ]
[ info ] [ VIEW ] /Applications/MAMP/htdocs/imooc_o2o/public/../application/admin/view/category/index.html [ array (
  0 => 'categorys',
) ]
[ info ] [ LOG ] INIT File

---------------------------------------------------------------
[ 2017-04-20T02:04:25+08:00 ] ::1 ::1 GET /index.php/admin/category/index.html
[ log ] o2o.singwa.com/index.php/admin/category/index.html [运行时间：0.088046s][吞吐率：11.36req/s] [内存消耗：3,494.93kb] [文件加载：57]
[ info ] [ LANG ] /Applications/MAMP/htdocs/imooc_o2o/thinkphp/lang/zh-cn.php
[ info ] [ ROUTE ] array (
  'type' => 'module',
  'module' => 
  array (
    0 => 'admin',
    1 => 'category',
    2 => 'index',
  ),
)
[ info ] [ HEADER ] array (
  'host' => 'o2o.singwa.com',
  'connection' => 'keep-alive',
  'upgrade-insecure-requests' => '1',
  'user-agent' => 'Mozilla/5.0 (Macintosh; Intel Mac OS X 10_10_2) AppleWebKit/537.36 (KHTML, like Gecko) Chrome/55.0.2883.95 Safari/537.36',
  'accept' => 'text/html,application/xhtml+xml,application/xml;q=0.9,image/webp,*/*;q=0.8',
  'referer' => 'http://o2o.singwa.com/index.php?s=admin',
  'accept-encoding' => 'gzip, deflate, sdch',
  'accept-language' => 'zh-CN,zh;q=0.8,en;q=0.6',
  'cookie' => 'thinkphp_show_page_trace=0|5; thinkphp_show_page_trace=1|5; pgv_pvi=8978985984; pgv_si=s8645249024; PHPSESSID=b8b4768bbcc4f0513f9ac7864a3ee78d; Huiskin=default; thinkphp_show_page_trace=0|5',
)
[ info ] [ PARAM ] array (
)
[ info ] [ DB ] INIT mysql
[ info ] [ RUN ] app\admin\controller\Category->index[ /Applications/MAMP/htdocs/imooc_o2o/application/admin/controller/Category.php ]
[ info ] [ VIEW ] /Applications/MAMP/htdocs/imooc_o2o/public/../application/admin/view/category/index.html [ array (
  0 => 'categorys',
) ]
[ info ] [ LOG ] INIT File

---------------------------------------------------------------
[ 2017-04-20T02:04:25+08:00 ] ::1 ::1 GET /index.php/admin/category/index.html
[ log ] o2o.singwa.com/index.php/admin/category/index.html [运行时间：0.135058s][吞吐率：7.40req/s] [内存消耗：3,494.93kb] [文件加载：57]
[ info ] [ LANG ] /Applications/MAMP/htdocs/imooc_o2o/thinkphp/lang/zh-cn.php
[ info ] [ ROUTE ] array (
  'type' => 'module',
  'module' => 
  array (
    0 => 'admin',
    1 => 'category',
    2 => 'index',
  ),
)
[ info ] [ HEADER ] array (
  'host' => 'o2o.singwa.com',
  'connection' => 'keep-alive',
  'upgrade-insecure-requests' => '1',
  'user-agent' => 'Mozilla/5.0 (Macintosh; Intel Mac OS X 10_10_2) AppleWebKit/537.36 (KHTML, like Gecko) Chrome/55.0.2883.95 Safari/537.36',
  'accept' => 'text/html,application/xhtml+xml,application/xml;q=0.9,image/webp,*/*;q=0.8',
  'referer' => 'http://o2o.singwa.com/index.php?s=admin',
  'accept-encoding' => 'gzip, deflate, sdch',
  'accept-language' => 'zh-CN,zh;q=0.8,en;q=0.6',
  'cookie' => 'thinkphp_show_page_trace=0|5; thinkphp_show_page_trace=1|5; pgv_pvi=8978985984; pgv_si=s8645249024; PHPSESSID=b8b4768bbcc4f0513f9ac7864a3ee78d; Huiskin=default; thinkphp_show_page_trace=0|5',
)
[ info ] [ PARAM ] array (
)
[ info ] [ DB ] INIT mysql
[ info ] [ RUN ] app\admin\controller\Category->index[ /Applications/MAMP/htdocs/imooc_o2o/application/admin/controller/Category.php ]
[ info ] [ VIEW ] /Applications/MAMP/htdocs/imooc_o2o/public/../application/admin/view/category/index.html [ array (
  0 => 'categorys',
) ]
[ info ] [ LOG ] INIT File

---------------------------------------------------------------
[ 2017-04-20T02:04:25+08:00 ] ::1 ::1 GET /index.php/admin/category/index.html
[ log ] o2o.singwa.com/index.php/admin/category/index.html [运行时间：0.102810s][吞吐率：9.73req/s] [内存消耗：3,494.93kb] [文件加载：57]
[ info ] [ LANG ] /Applications/MAMP/htdocs/imooc_o2o/thinkphp/lang/zh-cn.php
[ info ] [ ROUTE ] array (
  'type' => 'module',
  'module' => 
  array (
    0 => 'admin',
    1 => 'category',
    2 => 'index',
  ),
)
[ info ] [ HEADER ] array (
  'host' => 'o2o.singwa.com',
  'connection' => 'keep-alive',
  'upgrade-insecure-requests' => '1',
  'user-agent' => 'Mozilla/5.0 (Macintosh; Intel Mac OS X 10_10_2) AppleWebKit/537.36 (KHTML, like Gecko) Chrome/55.0.2883.95 Safari/537.36',
  'accept' => 'text/html,application/xhtml+xml,application/xml;q=0.9,image/webp,*/*;q=0.8',
  'referer' => 'http://o2o.singwa.com/index.php?s=admin',
  'accept-encoding' => 'gzip, deflate, sdch',
  'accept-language' => 'zh-CN,zh;q=0.8,en;q=0.6',
  'cookie' => 'thinkphp_show_page_trace=0|5; thinkphp_show_page_trace=1|5; pgv_pvi=8978985984; pgv_si=s8645249024; PHPSESSID=b8b4768bbcc4f0513f9ac7864a3ee78d; Huiskin=default; thinkphp_show_page_trace=0|5',
)
[ info ] [ PARAM ] array (
)
[ info ] [ DB ] INIT mysql
[ info ] [ RUN ] app\admin\controller\Category->index[ /Applications/MAMP/htdocs/imooc_o2o/application/admin/controller/Category.php ]
[ info ] [ VIEW ] /Applications/MAMP/htdocs/imooc_o2o/public/../application/admin/view/category/index.html [ array (
  0 => 'categorys',
) ]
[ info ] [ LOG ] INIT File

---------------------------------------------------------------
[ 2017-04-20T02:04:25+08:00 ] ::1 ::1 GET /index.php/admin/category/index.html
[ log ] o2o.singwa.com/index.php/admin/category/index.html [运行时间：0.107721s][吞吐率：9.28req/s] [内存消耗：3,494.93kb] [文件加载：57]
[ info ] [ LANG ] /Applications/MAMP/htdocs/imooc_o2o/thinkphp/lang/zh-cn.php
[ info ] [ ROUTE ] array (
  'type' => 'module',
  'module' => 
  array (
    0 => 'admin',
    1 => 'category',
    2 => 'index',
  ),
)
[ info ] [ HEADER ] array (
  'host' => 'o2o.singwa.com',
  'connection' => 'keep-alive',
  'upgrade-insecure-requests' => '1',
  'user-agent' => 'Mozilla/5.0 (Macintosh; Intel Mac OS X 10_10_2) AppleWebKit/537.36 (KHTML, like Gecko) Chrome/55.0.2883.95 Safari/537.36',
  'accept' => 'text/html,application/xhtml+xml,application/xml;q=0.9,image/webp,*/*;q=0.8',
  'referer' => 'http://o2o.singwa.com/index.php?s=admin',
  'accept-encoding' => 'gzip, deflate, sdch',
  'accept-language' => 'zh-CN,zh;q=0.8,en;q=0.6',
  'cookie' => 'thinkphp_show_page_trace=0|5; thinkphp_show_page_trace=1|5; pgv_pvi=8978985984; pgv_si=s8645249024; PHPSESSID=b8b4768bbcc4f0513f9ac7864a3ee78d; Huiskin=default; thinkphp_show_page_trace=0|5',
)
[ info ] [ PARAM ] array (
)
[ info ] [ DB ] INIT mysql
[ info ] [ RUN ] app\admin\controller\Category->index[ /Applications/MAMP/htdocs/imooc_o2o/application/admin/controller/Category.php ]
[ info ] [ VIEW ] /Applications/MAMP/htdocs/imooc_o2o/public/../application/admin/view/category/index.html [ array (
  0 => 'categorys',
) ]
[ info ] [ LOG ] INIT File

---------------------------------------------------------------
[ 2017-04-20T02:04:33+08:00 ] ::1 ::1 GET /index.php/admin/category/index.html
[ log ] o2o.singwa.com/index.php/admin/category/index.html [运行时间：0.100814s][吞吐率：9.92req/s] [内存消耗：3,494.77kb] [文件加载：57]
[ info ] [ LANG ] /Applications/MAMP/htdocs/imooc_o2o/thinkphp/lang/zh-cn.php
[ info ] [ ROUTE ] array (
  'type' => 'module',
  'module' => 
  array (
    0 => 'admin',
    1 => 'category',
    2 => 'index',
  ),
)
[ info ] [ HEADER ] array (
  'host' => 'o2o.singwa.com',
  'connection' => 'keep-alive',
  'upgrade-insecure-requests' => '1',
  'user-agent' => 'Mozilla/5.0 (Macintosh; Intel Mac OS X 10_10_2) AppleWebKit/537.36 (KHTML, like Gecko) Chrome/55.0.2883.95 Safari/537.36',
  'accept' => 'text/html,application/xhtml+xml,application/xml;q=0.9,image/webp,*/*;q=0.8',
  'referer' => 'http://o2o.singwa.com/index.php?s=admin',
  'accept-encoding' => 'gzip, deflate, sdch',
  'accept-language' => 'zh-CN,zh;q=0.8,en;q=0.6',
  'cookie' => 'thinkphp_show_page_trace=0|5; thinkphp_show_page_trace=1|5; pgv_pvi=8978985984; pgv_si=s8645249024; PHPSESSID=b8b4768bbcc4f0513f9ac7864a3ee78d; Huiskin=default; thinkphp_show_page_trace=0|5',
)
[ info ] [ PARAM ] array (
)
[ info ] [ DB ] INIT mysql
[ info ] [ RUN ] app\admin\controller\Category->index[ /Applications/MAMP/htdocs/imooc_o2o/application/admin/controller/Category.php ]
[ info ] [ VIEW ] /Applications/MAMP/htdocs/imooc_o2o/public/../application/admin/view/category/index.html [ array (
  0 => 'categorys',
) ]
[ info ] [ LOG ] INIT File

---------------------------------------------------------------
[ 2017-04-20T02:04:45+08:00 ] ::1 ::1 GET /index.php/admin/category/index.html
[ log ] o2o.singwa.com/index.php/admin/category/index.html [运行时间：0.096185s][吞吐率：10.40req/s] [内存消耗：3,494.77kb] [文件加载：57]
[ info ] [ LANG ] /Applications/MAMP/htdocs/imooc_o2o/thinkphp/lang/zh-cn.php
[ info ] [ ROUTE ] array (
  'type' => 'module',
  'module' => 
  array (
    0 => 'admin',
    1 => 'category',
    2 => 'index',
  ),
)
[ info ] [ HEADER ] array (
  'host' => 'o2o.singwa.com',
  'connection' => 'keep-alive',
  'upgrade-insecure-requests' => '1',
  'user-agent' => 'Mozilla/5.0 (Macintosh; Intel Mac OS X 10_10_2) AppleWebKit/537.36 (KHTML, like Gecko) Chrome/55.0.2883.95 Safari/537.36',
  'accept' => 'text/html,application/xhtml+xml,application/xml;q=0.9,image/webp,*/*;q=0.8',
  'referer' => 'http://o2o.singwa.com/index.php?s=admin',
  'accept-encoding' => 'gzip, deflate, sdch',
  'accept-language' => 'zh-CN,zh;q=0.8,en;q=0.6',
  'cookie' => 'thinkphp_show_page_trace=0|5; thinkphp_show_page_trace=1|5; pgv_pvi=8978985984; pgv_si=s8645249024; PHPSESSID=b8b4768bbcc4f0513f9ac7864a3ee78d; Huiskin=default; thinkphp_show_page_trace=0|5',
)
[ info ] [ PARAM ] array (
)
[ info ] [ DB ] INIT mysql
[ info ] [ RUN ] app\admin\controller\Category->index[ /Applications/MAMP/htdocs/imooc_o2o/application/admin/controller/Category.php ]
[ info ] [ VIEW ] /Applications/MAMP/htdocs/imooc_o2o/public/../application/admin/view/category/index.html [ array (
  0 => 'categorys',
) ]
[ info ] [ LOG ] INIT File

---------------------------------------------------------------
[ 2017-04-20T02:04:47+08:00 ] ::1 ::1 GET /index.php/admin/category/index.html
[ log ] o2o.singwa.com/index.php/admin/category/index.html [运行时间：0.085534s][吞吐率：11.69req/s] [内存消耗：3,494.93kb] [文件加载：57]
[ info ] [ LANG ] /Applications/MAMP/htdocs/imooc_o2o/thinkphp/lang/zh-cn.php
[ info ] [ ROUTE ] array (
  'type' => 'module',
  'module' => 
  array (
    0 => 'admin',
    1 => 'category',
    2 => 'index',
  ),
)
[ info ] [ HEADER ] array (
  'host' => 'o2o.singwa.com',
  'connection' => 'keep-alive',
  'upgrade-insecure-requests' => '1',
  'user-agent' => 'Mozilla/5.0 (Macintosh; Intel Mac OS X 10_10_2) AppleWebKit/537.36 (KHTML, like Gecko) Chrome/55.0.2883.95 Safari/537.36',
  'accept' => 'text/html,application/xhtml+xml,application/xml;q=0.9,image/webp,*/*;q=0.8',
  'referer' => 'http://o2o.singwa.com/index.php?s=admin',
  'accept-encoding' => 'gzip, deflate, sdch',
  'accept-language' => 'zh-CN,zh;q=0.8,en;q=0.6',
  'cookie' => 'thinkphp_show_page_trace=0|5; thinkphp_show_page_trace=1|5; pgv_pvi=8978985984; pgv_si=s8645249024; PHPSESSID=b8b4768bbcc4f0513f9ac7864a3ee78d; Huiskin=default; thinkphp_show_page_trace=0|5',
)
[ info ] [ PARAM ] array (
)
[ info ] [ DB ] INIT mysql
[ info ] [ RUN ] app\admin\controller\Category->index[ /Applications/MAMP/htdocs/imooc_o2o/application/admin/controller/Category.php ]
[ info ] [ VIEW ] /Applications/MAMP/htdocs/imooc_o2o/public/../application/admin/view/category/index.html [ array (
  0 => 'categorys',
) ]
[ info ] [ LOG ] INIT File

---------------------------------------------------------------
[ 2017-04-20T02:04:56+08:00 ] ::1 ::1 GET /
[ log ] o2o.singwa.com/ [运行时间：0.193095s][吞吐率：5.18req/s] [内存消耗：3,661.00kb] [文件加载：56]
[ info ] [ LANG ] /Applications/MAMP/htdocs/imooc_o2o/thinkphp/lang/zh-cn.php
[ info ] [ ROUTE ] array (
  'type' => 'module',
  'module' => 
  array (
    0 => '',
    1 => NULL,
    2 => NULL,
  ),
)
[ info ] [ HEADER ] array (
  'host' => 'o2o.singwa.com',
  'connection' => 'keep-alive',
  'upgrade-insecure-requests' => '1',
  'user-agent' => 'Mozilla/5.0 (Macintosh; Intel Mac OS X 10_10_2) AppleWebKit/537.36 (KHTML, like Gecko) Chrome/55.0.2883.95 Safari/537.36',
  'accept' => 'text/html,application/xhtml+xml,application/xml;q=0.9,image/webp,*/*;q=0.8',
  'accept-encoding' => 'gzip, deflate, sdch',
  'accept-language' => 'zh-CN,zh;q=0.8,en;q=0.6',
  'cookie' => 'pgv_pvi=8978985984; pgv_si=s8645249024; PHPSESSID=b8b4768bbcc4f0513f9ac7864a3ee78d; Huiskin=default; thinkphp_show_page_trace=0|5',
)
[ info ] [ PARAM ] array (
)
[ info ] [ DB ] INIT mysql
[ info ] [ SESSION ] INIT array (
  'id' => '',
  'var_session_id' => '',
  'prefix' => 'think',
  'type' => '',
  'auto_start' => true,
)
[ info ] [ RUN ] app\index\controller\Index->index[ /Applications/MAMP/htdocs/imooc_o2o/application/index/controller/Index.php ]
[ info ] [ VIEW ] /Applications/MAMP/htdocs/imooc_o2o/public/../application/index/view/index/index.html [ array (
  0 => 'citys',
  1 => 'city',
  2 => 'cats',
  3 => 'controler',
  4 => 'user',
  5 => 'title',
  6 => 'datas',
  7 => 'meishicates',
  8 => 'controller',
) ]
[ info ] [ LOG ] INIT File

---------------------------------------------------------------
[ 2017-04-20T02:04:57+08:00 ] ::1 ::1 GET /
[ log ] o2o.singwa.com/ [运行时间：0.082946s][吞吐率：12.06req/s] [内存消耗：3,608.99kb] [文件加载：55]
[ info ] [ LANG ] /Applications/MAMP/htdocs/imooc_o2o/thinkphp/lang/zh-cn.php
[ info ] [ ROUTE ] array (
  'type' => 'module',
  'module' => 
  array (
    0 => '',
    1 => NULL,
    2 => NULL,
  ),
)
[ info ] [ HEADER ] array (
  'host' => 'o2o.singwa.com',
  'connection' => 'keep-alive',
  'user-agent' => 'Mozilla/5.0 (Macintosh; Intel Mac OS X 10_10_2) AppleWebKit/537.36 (KHTML, like Gecko) Chrome/55.0.2883.95 Safari/537.36',
  'accept' => 'image/webp,image/*,*/*;q=0.8',
  'referer' => 'http://o2o.singwa.com/',
  'accept-encoding' => 'gzip, deflate, sdch',
  'accept-language' => 'zh-CN,zh;q=0.8,en;q=0.6',
  'cookie' => 'pgv_pvi=8978985984; pgv_si=s8645249024; PHPSESSID=b8b4768bbcc4f0513f9ac7864a3ee78d; Huiskin=default; thinkphp_show_page_trace=0|5',
)
[ info ] [ PARAM ] array (
)
[ info ] [ DB ] INIT mysql
[ info ] [ SESSION ] INIT array (
  'id' => '',
  'var_session_id' => '',
  'prefix' => 'think',
  'type' => '',
  'auto_start' => true,
)
[ info ] [ RUN ] app\index\controller\Index->index[ /Applications/MAMP/htdocs/imooc_o2o/application/index/controller/Index.php ]
[ info ] [ VIEW ] /Applications/MAMP/htdocs/imooc_o2o/public/../application/index/view/index/index.html [ array (
  0 => 'citys',
  1 => 'city',
  2 => 'cats',
  3 => 'controler',
  4 => 'user',
  5 => 'title',
  6 => 'datas',
  7 => 'meishicates',
  8 => 'controller',
) ]
[ info ] [ LOG ] INIT File

---------------------------------------------------------------
[ 2017-04-20T02:05:01+08:00 ] ::1 ::1 GET /index/detail/index.html?id=13
[ log ] o2o.singwa.com/index/detail/index.html?id=13 [运行时间：0.104058s][吞吐率：9.61req/s] [内存消耗：3,644.80kb] [文件加载：56]
[ info ] [ LANG ] /Applications/MAMP/htdocs/imooc_o2o/thinkphp/lang/zh-cn.php
[ info ] [ ROUTE ] array (
  'type' => 'module',
  'module' => 
  array (
    0 => 'index',
    1 => 'detail',
    2 => 'index',
  ),
)
[ info ] [ HEADER ] array (
  'host' => 'o2o.singwa.com',
  'connection' => 'keep-alive',
  'upgrade-insecure-requests' => '1',
  'user-agent' => 'Mozilla/5.0 (Macintosh; Intel Mac OS X 10_10_2) AppleWebKit/537.36 (KHTML, like Gecko) Chrome/55.0.2883.95 Safari/537.36',
  'accept' => 'text/html,application/xhtml+xml,application/xml;q=0.9,image/webp,*/*;q=0.8',
  'referer' => 'http://o2o.singwa.com/',
  'accept-encoding' => 'gzip, deflate, sdch',
  'accept-language' => 'zh-CN,zh;q=0.8,en;q=0.6',
  'cookie' => 'thinkphp_show_page_trace=0|4; pgv_pvi=8978985984; pgv_si=s8645249024; PHPSESSID=b8b4768bbcc4f0513f9ac7864a3ee78d; Huiskin=default; thinkphp_show_page_trace=0|5',
)
[ info ] [ PARAM ] array (
  'id' => '13',
)
[ info ] [ DB ] INIT mysql
[ info ] [ SESSION ] INIT array (
  'id' => '',
  'var_session_id' => '',
  'prefix' => 'think',
  'type' => '',
  'auto_start' => true,
)
[ info ] [ RUN ] app\index\controller\Detail->index[ /Applications/MAMP/htdocs/imooc_o2o/application/index/controller/Detail.php ]
[ info ] [ VIEW ] /Applications/MAMP/htdocs/imooc_o2o/public/../application/index/view/detail/index.html [ array (
  0 => 'citys',
  1 => 'city',
  2 => 'cats',
  3 => 'controler',
  4 => 'user',
  5 => 'title',
  6 => 'deal',
  7 => 'category',
  8 => 'locations',
  9 => 'overplus',
  10 => 'flag',
  11 => 'mapstr',
) ]
[ info ] [ LOG ] INIT File

---------------------------------------------------------------
[ 2017-04-20T02:05:01+08:00 ] ::1 ::1 GET /index/map/getmapimage.html?data=115.826266426,29.0155615737
[ log ] o2o.singwa.com/index/map/getmapimage.html?data=115.826266426,29.0155615737 [运行时间：0.126353s][吞吐率：7.91req/s] [内存消耗：1,892.33kb] [文件加载：41]
[ info ] [ LANG ] /Applications/MAMP/htdocs/imooc_o2o/thinkphp/lang/zh-cn.php
[ info ] [ ROUTE ] array (
  'type' => 'module',
  'module' => 
  array (
    0 => 'index',
    1 => 'map',
    2 => 'getmapimage',
  ),
)
[ info ] [ HEADER ] array (
  'host' => 'o2o.singwa.com',
  'connection' => 'keep-alive',
  'user-agent' => 'Mozilla/5.0 (Macintosh; Intel Mac OS X 10_10_2) AppleWebKit/537.36 (KHTML, like Gecko) Chrome/55.0.2883.95 Safari/537.36',
  'accept' => 'image/webp,image/*,*/*;q=0.8',
  'referer' => 'http://o2o.singwa.com/index/detail/index.html?id=13',
  'accept-encoding' => 'gzip, deflate, sdch',
  'accept-language' => 'zh-CN,zh;q=0.8,en;q=0.6',
  'cookie' => 'pgv_pvi=8978985984; pgv_si=s8645249024; PHPSESSID=b8b4768bbcc4f0513f9ac7864a3ee78d; Huiskin=default; thinkphp_show_page_trace=0|5',
)
[ info ] [ PARAM ] array (
  'data' => '115.826266426,29.0155615737',
)
[ info ] [ RUN ] app\index\controller\Map->getMapImage[ /Applications/MAMP/htdocs/imooc_o2o/application/index/controller/Map.php ]
[ info ] [ LOG ] INIT File

---------------------------------------------------------------
[ 2017-04-20T02:05:01+08:00 ] ::1 ::1 GET /index/detail/index.html?id=13
[ log ] o2o.singwa.com/index/detail/index.html?id=13 [运行时间：0.088452s][吞吐率：11.31req/s] [内存消耗：3,644.91kb] [文件加载：56]
[ info ] [ LANG ] /Applications/MAMP/htdocs/imooc_o2o/thinkphp/lang/zh-cn.php
[ info ] [ ROUTE ] array (
  'type' => 'module',
  'module' => 
  array (
    0 => 'index',
    1 => 'detail',
    2 => 'index',
  ),
)
[ info ] [ HEADER ] array (
  'host' => 'o2o.singwa.com',
  'connection' => 'keep-alive',
  'user-agent' => 'Mozilla/5.0 (Macintosh; Intel Mac OS X 10_10_2) AppleWebKit/537.36 (KHTML, like Gecko) Chrome/55.0.2883.95 Safari/537.36',
  'accept' => 'image/webp,image/*,*/*;q=0.8',
  'referer' => 'http://o2o.singwa.com/index/detail/index.html?id=13',
  'accept-encoding' => 'gzip, deflate, sdch',
  'accept-language' => 'zh-CN,zh;q=0.8,en;q=0.6',
  'cookie' => 'thinkphp_show_page_trace=0|4; pgv_pvi=8978985984; pgv_si=s8645249024; PHPSESSID=b8b4768bbcc4f0513f9ac7864a3ee78d; Huiskin=default; thinkphp_show_page_trace=0|5',
)
[ info ] [ PARAM ] array (
  'id' => '13',
)
[ info ] [ DB ] INIT mysql
[ info ] [ SESSION ] INIT array (
  'id' => '',
  'var_session_id' => '',
  'prefix' => 'think',
  'type' => '',
  'auto_start' => true,
)
[ info ] [ RUN ] app\index\controller\Detail->index[ /Applications/MAMP/htdocs/imooc_o2o/application/index/controller/Detail.php ]
[ info ] [ VIEW ] /Applications/MAMP/htdocs/imooc_o2o/public/../application/index/view/detail/index.html [ array (
  0 => 'citys',
  1 => 'city',
  2 => 'cats',
  3 => 'controler',
  4 => 'user',
  5 => 'title',
  6 => 'deal',
  7 => 'category',
  8 => 'locations',
  9 => 'overplus',
  10 => 'flag',
  11 => 'mapstr',
) ]
[ info ] [ LOG ] INIT File

---------------------------------------------------------------
[ 2017-04-20T02:09:01+08:00 ] ::1 ::1 GET /index/detail/index.html?id=13
[ log ] o2o.singwa.com/index/detail/index.html?id=13 [运行时间：0.206774s][吞吐率：4.84req/s] [内存消耗：3,864.27kb] [文件加载：58]
[ info ] [ LANG ] /Applications/MAMP/htdocs/imooc_o2o/thinkphp/lang/zh-cn.php
[ info ] [ ROUTE ] array (
  'type' => 'module',
  'module' => 
  array (
    0 => 'index',
    1 => 'detail',
    2 => 'index',
  ),
)
[ info ] [ HEADER ] array (
  'host' => 'o2o.singwa.com',
  'connection' => 'keep-alive',
  'cache-control' => 'max-age=0',
  'upgrade-insecure-requests' => '1',
  'user-agent' => 'Mozilla/5.0 (Macintosh; Intel Mac OS X 10_10_2) AppleWebKit/537.36 (KHTML, like Gecko) Chrome/55.0.2883.95 Safari/537.36',
  'accept' => 'text/html,application/xhtml+xml,application/xml;q=0.9,image/webp,*/*;q=0.8',
  'referer' => 'http://o2o.singwa.com/',
  'accept-encoding' => 'gzip, deflate, sdch',
  'accept-language' => 'zh-CN,zh;q=0.8,en;q=0.6',
  'cookie' => 'thinkphp_show_page_trace=0|4; pgv_pvi=8978985984; pgv_si=s8645249024; PHPSESSID=b8b4768bbcc4f0513f9ac7864a3ee78d; Huiskin=default; thinkphp_show_page_trace=0|5',
)
[ info ] [ PARAM ] array (
  'id' => '13',
)
[ info ] [ DB ] INIT mysql
[ info ] [ SESSION ] INIT array (
  'id' => '',
  'var_session_id' => '',
  'prefix' => 'think',
  'type' => '',
  'auto_start' => true,
)
[ info ] [ RUN ] app\index\controller\Detail->index[ /Applications/MAMP/htdocs/imooc_o2o/application/index/controller/Detail.php ]
[ info ] [ VIEW ] /Applications/MAMP/htdocs/imooc_o2o/public/../application/index/view/detail/index.html [ array (
  0 => 'citys',
  1 => 'city',
  2 => 'cats',
  3 => 'controler',
  4 => 'user',
  5 => 'title',
  6 => 'deal',
  7 => 'category',
  8 => 'locations',
  9 => 'overplus',
  10 => 'flag',
  11 => 'mapstr',
) ]
[ info ] [ LOG ] INIT File

---------------------------------------------------------------
[ 2017-04-20T02:09:01+08:00 ] ::1 ::1 GET /index/map/getmapimage.html?data=115.826266426,29.0155615737
[ log ] o2o.singwa.com/index/map/getmapimage.html?data=115.826266426,29.0155615737 [运行时间：0.095892s][吞吐率：10.43req/s] [内存消耗：1,892.33kb] [文件加载：41]
[ info ] [ LANG ] /Applications/MAMP/htdocs/imooc_o2o/thinkphp/lang/zh-cn.php
[ info ] [ ROUTE ] array (
  'type' => 'module',
  'module' => 
  array (
    0 => 'index',
    1 => 'map',
    2 => 'getmapimage',
  ),
)
[ info ] [ HEADER ] array (
  'host' => 'o2o.singwa.com',
  'connection' => 'keep-alive',
  'user-agent' => 'Mozilla/5.0 (Macintosh; Intel Mac OS X 10_10_2) AppleWebKit/537.36 (KHTML, like Gecko) Chrome/55.0.2883.95 Safari/537.36',
  'accept' => 'image/webp,image/*,*/*;q=0.8',
  'referer' => 'http://o2o.singwa.com/index/detail/index.html?id=13',
  'accept-encoding' => 'gzip, deflate, sdch',
  'accept-language' => 'zh-CN,zh;q=0.8,en;q=0.6',
  'cookie' => 'pgv_pvi=8978985984; pgv_si=s8645249024; PHPSESSID=b8b4768bbcc4f0513f9ac7864a3ee78d; Huiskin=default; thinkphp_show_page_trace=0|5',
)
[ info ] [ PARAM ] array (
  'data' => '115.826266426,29.0155615737',
)
[ info ] [ RUN ] app\index\controller\Map->getMapImage[ /Applications/MAMP/htdocs/imooc_o2o/application/index/controller/Map.php ]
[ info ] [ LOG ] INIT File

---------------------------------------------------------------
[ 2017-04-20T02:09:02+08:00 ] ::1 ::1 GET /index/detail/index.html?id=13
[ log ] o2o.singwa.com/index/detail/index.html?id=13 [运行时间：0.167653s][吞吐率：5.96req/s] [内存消耗：3,645.25kb] [文件加载：56]
[ info ] [ LANG ] /Applications/MAMP/htdocs/imooc_o2o/thinkphp/lang/zh-cn.php
[ info ] [ ROUTE ] array (
  'type' => 'module',
  'module' => 
  array (
    0 => 'index',
    1 => 'detail',
    2 => 'index',
  ),
)
[ info ] [ HEADER ] array (
  'host' => 'o2o.singwa.com',
  'connection' => 'keep-alive',
  'pragma' => 'no-cache',
  'cache-control' => 'no-cache',
  'user-agent' => 'Mozilla/5.0 (Macintosh; Intel Mac OS X 10_10_2) AppleWebKit/537.36 (KHTML, like Gecko) Chrome/55.0.2883.95 Safari/537.36',
  'accept' => 'image/webp,image/*,*/*;q=0.8',
  'referer' => 'http://o2o.singwa.com/index/detail/index.html?id=13',
  'accept-encoding' => 'gzip, deflate, sdch',
  'accept-language' => 'zh-CN,zh;q=0.8,en;q=0.6',
  'cookie' => 'thinkphp_show_page_trace=0|4; pgv_pvi=8978985984; pgv_si=s8645249024; PHPSESSID=b8b4768bbcc4f0513f9ac7864a3ee78d; Huiskin=default; thinkphp_show_page_trace=0|5',
)
[ info ] [ PARAM ] array (
  'id' => '13',
)
[ info ] [ DB ] INIT mysql
[ info ] [ SESSION ] INIT array (
  'id' => '',
  'var_session_id' => '',
  'prefix' => 'think',
  'type' => '',
  'auto_start' => true,
)
[ info ] [ RUN ] app\index\controller\Detail->index[ /Applications/MAMP/htdocs/imooc_o2o/application/index/controller/Detail.php ]
[ info ] [ VIEW ] /Applications/MAMP/htdocs/imooc_o2o/public/../application/index/view/detail/index.html [ array (
  0 => 'citys',
  1 => 'city',
  2 => 'cats',
  3 => 'controler',
  4 => 'user',
  5 => 'title',
  6 => 'deal',
  7 => 'category',
  8 => 'locations',
  9 => 'overplus',
  10 => 'flag',
  11 => 'mapstr',
) ]
[ info ] [ LOG ] INIT File

---------------------------------------------------------------
[ 2017-04-20T02:09:40+08:00 ] ::1 ::1 GET /index/detail/index.html?id=13
[ log ] o2o.singwa.com/index/detail/index.html?id=13 [运行时间：0.214523s][吞吐率：4.66req/s] [内存消耗：3,864.65kb] [文件加载：58]
[ info ] [ LANG ] /Applications/MAMP/htdocs/imooc_o2o/thinkphp/lang/zh-cn.php
[ info ] [ ROUTE ] array (
  'type' => 'module',
  'module' => 
  array (
    0 => 'index',
    1 => 'detail',
    2 => 'index',
  ),
)
[ info ] [ HEADER ] array (
  'host' => 'o2o.singwa.com',
  'connection' => 'keep-alive',
  'cache-control' => 'max-age=0',
  'upgrade-insecure-requests' => '1',
  'user-agent' => 'Mozilla/5.0 (Macintosh; Intel Mac OS X 10_10_2) AppleWebKit/537.36 (KHTML, like Gecko) Chrome/55.0.2883.95 Safari/537.36',
  'accept' => 'text/html,application/xhtml+xml,application/xml;q=0.9,image/webp,*/*;q=0.8',
  'referer' => 'http://o2o.singwa.com/',
  'accept-encoding' => 'gzip, deflate, sdch',
  'accept-language' => 'zh-CN,zh;q=0.8,en;q=0.6',
  'cookie' => 'thinkphp_show_page_trace=0|4; pgv_pvi=8978985984; pgv_si=s8645249024; PHPSESSID=b8b4768bbcc4f0513f9ac7864a3ee78d; Huiskin=default; thinkphp_show_page_trace=0|5',
)
[ info ] [ PARAM ] array (
  'id' => '13',
)
[ info ] [ DB ] INIT mysql
[ info ] [ SESSION ] INIT array (
  'id' => '',
  'var_session_id' => '',
  'prefix' => 'think',
  'type' => '',
  'auto_start' => true,
)
[ info ] [ RUN ] app\index\controller\Detail->index[ /Applications/MAMP/htdocs/imooc_o2o/application/index/controller/Detail.php ]
[ info ] [ VIEW ] /Applications/MAMP/htdocs/imooc_o2o/public/../application/index/view/detail/index.html [ array (
  0 => 'citys',
  1 => 'city',
  2 => 'cats',
  3 => 'controler',
  4 => 'user',
  5 => 'title',
  6 => 'deal',
  7 => 'category',
  8 => 'locations',
  9 => 'overplus',
  10 => 'flag',
  11 => 'mapstr',
) ]
[ info ] [ LOG ] INIT File

---------------------------------------------------------------
[ 2017-04-20T02:09:40+08:00 ] ::1 ::1 GET /index/map/getmapimage.html?data=115.826266426,29.0155615737
[ log ] o2o.singwa.com/index/map/getmapimage.html?data=115.826266426,29.0155615737 [运行时间：0.138656s][吞吐率：7.21req/s] [内存消耗：1,892.33kb] [文件加载：41]
[ info ] [ LANG ] /Applications/MAMP/htdocs/imooc_o2o/thinkphp/lang/zh-cn.php
[ info ] [ ROUTE ] array (
  'type' => 'module',
  'module' => 
  array (
    0 => 'index',
    1 => 'map',
    2 => 'getmapimage',
  ),
)
[ info ] [ HEADER ] array (
  'host' => 'o2o.singwa.com',
  'connection' => 'keep-alive',
  'user-agent' => 'Mozilla/5.0 (Macintosh; Intel Mac OS X 10_10_2) AppleWebKit/537.36 (KHTML, like Gecko) Chrome/55.0.2883.95 Safari/537.36',
  'accept' => 'image/webp,image/*,*/*;q=0.8',
  'referer' => 'http://o2o.singwa.com/index/detail/index.html?id=13',
  'accept-encoding' => 'gzip, deflate, sdch',
  'accept-language' => 'zh-CN,zh;q=0.8,en;q=0.6',
  'cookie' => 'pgv_pvi=8978985984; pgv_si=s8645249024; PHPSESSID=b8b4768bbcc4f0513f9ac7864a3ee78d; Huiskin=default; thinkphp_show_page_trace=0|5',
)
[ info ] [ PARAM ] array (
  'data' => '115.826266426,29.0155615737',
)
[ info ] [ RUN ] app\index\controller\Map->getMapImage[ /Applications/MAMP/htdocs/imooc_o2o/application/index/controller/Map.php ]
[ info ] [ LOG ] INIT File

---------------------------------------------------------------
[ 2017-04-20T02:09:40+08:00 ] ::1 ::1 GET /index/detail/index.html?id=13
[ log ] o2o.singwa.com/index/detail/index.html?id=13 [运行时间：0.134338s][吞吐率：7.44req/s] [内存消耗：3,644.91kb] [文件加载：56]
[ info ] [ LANG ] /Applications/MAMP/htdocs/imooc_o2o/thinkphp/lang/zh-cn.php
[ info ] [ ROUTE ] array (
  'type' => 'module',
  'module' => 
  array (
    0 => 'index',
    1 => 'detail',
    2 => 'index',
  ),
)
[ info ] [ HEADER ] array (
  'host' => 'o2o.singwa.com',
  'connection' => 'keep-alive',
  'user-agent' => 'Mozilla/5.0 (Macintosh; Intel Mac OS X 10_10_2) AppleWebKit/537.36 (KHTML, like Gecko) Chrome/55.0.2883.95 Safari/537.36',
  'accept' => 'image/webp,image/*,*/*;q=0.8',
  'referer' => 'http://o2o.singwa.com/index/detail/index.html?id=13',
  'accept-encoding' => 'gzip, deflate, sdch',
  'accept-language' => 'zh-CN,zh;q=0.8,en;q=0.6',
  'cookie' => 'thinkphp_show_page_trace=0|4; pgv_pvi=8978985984; pgv_si=s8645249024; PHPSESSID=b8b4768bbcc4f0513f9ac7864a3ee78d; Huiskin=default; thinkphp_show_page_trace=0|5',
)
[ info ] [ PARAM ] array (
  'id' => '13',
)
[ info ] [ DB ] INIT mysql
[ info ] [ SESSION ] INIT array (
  'id' => '',
  'var_session_id' => '',
  'prefix' => 'think',
  'type' => '',
  'auto_start' => true,
)
[ info ] [ RUN ] app\index\controller\Detail->index[ /Applications/MAMP/htdocs/imooc_o2o/application/index/controller/Detail.php ]
[ info ] [ VIEW ] /Applications/MAMP/htdocs/imooc_o2o/public/../application/index/view/detail/index.html [ array (
  0 => 'citys',
  1 => 'city',
  2 => 'cats',
  3 => 'controler',
  4 => 'user',
  5 => 'title',
  6 => 'deal',
  7 => 'category',
  8 => 'locations',
  9 => 'overplus',
  10 => 'flag',
  11 => 'mapstr',
) ]
[ info ] [ LOG ] INIT File

---------------------------------------------------------------
