[ 2017-05-22T02:24:01+08:00 ] [ sql ] [ DB ] CONNECT:[ UseTime:0.003573s ] mysql:dbname=imooc_o2o;host=localhost;port=8889;charset=utf8
[ sql ] [ SQL ] SHOW COLUMNS FROM `o2o_city` [ RunTime:0.008891s ]
[ sql ] [ SQL ] SELECT * FROM `o2o_city` WHERE  `status` = 1  AND `parent_id` > 0 ORDER BY `id`  desc [ RunTime:0.006246s ]
[ sql ] [ SQL ] SELECT * FROM `o2o_city` WHERE  `uname` = 'nanchang' LIMIT 1 [ RunTime:0.001906s ]
[ sql ] [ SQL ] SHOW COLUMNS FROM `o2o_category` [ RunTime:0.005393s ]
[ sql ] [ SQL ] SELECT * FROM `o2o_category` WHERE  `parent_id` = 0  AND `status` = 1 ORDER BY `listorder`  desc,`id`  desc LIMIT 5 [ RunTime:0.001410s ]
[ sql ] [ SQL ] SELECT * FROM `o2o_category` WHERE  `parent_id` IN (1,6,5,4,2)  AND `status` = 1 ORDER BY `listorder`  desc,`id`  desc [ RunTime:0.003336s ]

---------------------------------------------------------------
[ 2017-05-22T02:24:01+08:00 ] [ sql ] [ DB ] CONNECT:[ UseTime:0.000774s ] mysql:dbname=imooc_o2o;host=localhost;port=8889;charset=utf8
[ sql ] [ SQL ] SHOW COLUMNS FROM `o2o_city` [ RunTime:0.004892s ]
[ sql ] [ SQL ] SELECT * FROM `o2o_city` WHERE  `status` = 1  AND `parent_id` > 0 ORDER BY `id`  desc [ RunTime:0.001167s ]
[ sql ] [ SQL ] SELECT * FROM `o2o_city` WHERE  `uname` = 'nanchang' LIMIT 1 [ RunTime:0.000577s ]
[ sql ] [ SQL ] SHOW COLUMNS FROM `o2o_category` [ RunTime:0.004082s ]
[ sql ] [ SQL ] SELECT * FROM `o2o_category` WHERE  `parent_id` = 0  AND `status` = 1 ORDER BY `listorder`  desc,`id`  desc LIMIT 5 [ RunTime:0.000425s ]
[ sql ] [ SQL ] SELECT * FROM `o2o_category` WHERE  `parent_id` IN (1,6,5,4,2)  AND `status` = 1 ORDER BY `listorder`  desc,`id`  desc [ RunTime:0.000524s ]

---------------------------------------------------------------
[ 2017-05-22T02:24:32+08:00 ] [ sql ] [ DB ] CONNECT:[ UseTime:0.000429s ] mysql:dbname=imooc_o2o;host=localhost;port=8889;charset=utf8
[ sql ] [ SQL ] SHOW COLUMNS FROM `o2o_city` [ RunTime:0.003951s ]
[ sql ] [ SQL ] SELECT * FROM `o2o_city` WHERE  `status` = 1  AND `parent_id` > 0 ORDER BY `id`  desc [ RunTime:0.000542s ]
[ sql ] [ SQL ] SELECT * FROM `o2o_city` WHERE  `uname` = 'nanchang' LIMIT 1 [ RunTime:0.000429s ]
[ sql ] [ SQL ] SHOW COLUMNS FROM `o2o_category` [ RunTime:0.003487s ]
[ sql ] [ SQL ] SELECT * FROM `o2o_category` WHERE  `parent_id` = 0  AND `status` = 1 ORDER BY `listorder`  desc,`id`  desc LIMIT 5 [ RunTime:0.000559s ]
[ sql ] [ SQL ] SELECT * FROM `o2o_category` WHERE  `parent_id` IN (1,6,5,4,2)  AND `status` = 1 ORDER BY `listorder`  desc,`id`  desc [ RunTime:0.000502s ]

---------------------------------------------------------------
