[ 2017-03-26T22:04:49+08:00 ] ::1 ::1 GET /
[ log ] o2o.singwa.com/ [运行时间：0.181545s][吞吐率：5.51req/s] [内存消耗：3,528.40kb] [文件加载：57]
[ info ] [ LANG ] /Applications/MAMP/htdocs/imooc_o2o/thinkphp/lang/zh-cn.php
[ info ] [ ROUTE ] array (
  'type' => 'module',
  'module' => 
  array (
    0 => '',
    1 => NULL,
    2 => NULL,
  ),
)
[ info ] [ HEADER ] array (
  'host' => 'o2o.singwa.com',
  'user-agent' => 'Mozilla/5.0 (Macintosh; Intel Mac OS X 10.10; rv:52.0) Gecko/20100101 Firefox/52.0',
  'accept' => 'text/html,application/xhtml+xml,application/xml;q=0.9,*/*;q=0.8',
  'accept-language' => 'zh-CN,zh;q=0.8,en-US;q=0.5,en;q=0.3',
  'accept-encoding' => 'gzip, deflate',
  'connection' => 'keep-alive',
  'upgrade-insecure-requests' => '1',
)
[ info ] [ PARAM ] array (
)
[ info ] [ DB ] INIT mysql
[ info ] [ SESSION ] INIT array (
  'id' => '',
  'var_session_id' => '',
  'prefix' => 'think',
  'type' => '',
  'auto_start' => true,
)
[ info ] [ RUN ] app\index\controller\Index->index[ /Applications/MAMP/htdocs/imooc_o2o/application/index/controller/Index.php ]
[ info ] [ VIEW ] /Applications/MAMP/htdocs/imooc_o2o/public/../application/index/view/index/index.html [ array (
  0 => 'citys',
  1 => 'city',
  2 => 'cats',
  3 => 'controler',
  4 => 'user',
  5 => 'title',
  6 => 'datas',
  7 => 'meishicates',
  8 => 'controller',
) ]
[ info ] [ LOG ] INIT File

---------------------------------------------------------------
[ 2017-03-26T22:04:53+08:00 ] ::1 ::1 GET /bis/login/index.html
[ log ] o2o.singwa.com/bis/login/index.html [运行时间：0.049775s][吞吐率：20.09req/s] [内存消耗：2,110.23kb] [文件加载：46]
[ info ] [ LANG ] /Applications/MAMP/htdocs/imooc_o2o/thinkphp/lang/zh-cn.php
[ info ] [ ROUTE ] array (
  'type' => 'module',
  'module' => 
  array (
    0 => 'bis',
    1 => 'login',
    2 => 'index',
  ),
)
[ info ] [ HEADER ] array (
  'host' => 'o2o.singwa.com',
  'user-agent' => 'Mozilla/5.0 (Macintosh; Intel Mac OS X 10.10; rv:52.0) Gecko/20100101 Firefox/52.0',
  'accept' => 'text/html,application/xhtml+xml,application/xml;q=0.9,*/*;q=0.8',
  'accept-language' => 'zh-CN,zh;q=0.8,en-US;q=0.5,en;q=0.3',
  'accept-encoding' => 'gzip, deflate',
  'referer' => 'http://o2o.singwa.com/',
  'cookie' => 'PHPSESSID=4feda42f3330f94ef9113aceb5b0d27c',
  'connection' => 'keep-alive',
  'upgrade-insecure-requests' => '1',
)
[ info ] [ PARAM ] array (
)
[ info ] [ RUN ] app\bis\controller\Login->index[ /Applications/MAMP/htdocs/imooc_o2o/application/bis/controller/Login.php ]
[ info ] [ SESSION ] INIT array (
  'id' => '',
  'var_session_id' => '',
  'prefix' => 'think',
  'type' => '',
  'auto_start' => true,
)
[ info ] [ VIEW ] /Applications/MAMP/htdocs/imooc_o2o/public/../application/bis/view/login/index.html [ array (
) ]
[ info ] [ LOG ] INIT File

---------------------------------------------------------------
[ 2017-03-26T22:04:55+08:00 ] ::1 ::1 GET /bis/register/index.html
[ log ] o2o.singwa.com/bis/register/index.html [运行时间：0.070736s][吞吐率：14.14req/s] [内存消耗：3,318.35kb] [文件加载：56]
[ info ] [ LANG ] /Applications/MAMP/htdocs/imooc_o2o/thinkphp/lang/zh-cn.php
[ info ] [ ROUTE ] array (
  'type' => 'module',
  'module' => 
  array (
    0 => 'bis',
    1 => 'register',
    2 => 'index',
  ),
)
[ info ] [ HEADER ] array (
  'host' => 'o2o.singwa.com',
  'user-agent' => 'Mozilla/5.0 (Macintosh; Intel Mac OS X 10.10; rv:52.0) Gecko/20100101 Firefox/52.0',
  'accept' => 'text/html,application/xhtml+xml,application/xml;q=0.9,*/*;q=0.8',
  'accept-language' => 'zh-CN,zh;q=0.8,en-US;q=0.5,en;q=0.3',
  'accept-encoding' => 'gzip, deflate',
  'referer' => 'http://o2o.singwa.com/bis/login/index.html',
  'cookie' => 'PHPSESSID=4feda42f3330f94ef9113aceb5b0d27c',
  'connection' => 'keep-alive',
  'upgrade-insecure-requests' => '1',
)
[ info ] [ PARAM ] array (
)
[ info ] [ RUN ] app\bis\controller\Register->index[ /Applications/MAMP/htdocs/imooc_o2o/application/bis/controller/Register.php ]
[ info ] [ DB ] INIT mysql
[ info ] [ VIEW ] /Applications/MAMP/htdocs/imooc_o2o/public/../application/bis/view/register/index.html [ array (
  0 => 'citys',
  1 => 'categorys',
) ]
[ info ] [ LOG ] INIT File

---------------------------------------------------------------
[ 2017-03-26T22:13:02+08:00 ] ::1 ::1 GET /bis/register/
[ log ] o2o.singwa.com/bis/register/ [运行时间：0.135500s][吞吐率：7.38req/s] [内存消耗：3,114.49kb] [文件加载：54]
[ info ] [ LANG ] /Applications/MAMP/htdocs/imooc_o2o/thinkphp/lang/zh-cn.php
[ info ] [ ROUTE ] array (
  'type' => 'module',
  'module' => 
  array (
    0 => 'bis',
    1 => 'register',
    2 => NULL,
  ),
)
[ info ] [ HEADER ] array (
  'host' => 'o2o.singwa.com',
  'user-agent' => 'Mozilla/5.0 (Macintosh; Intel Mac OS X 10.10; rv:52.0) Gecko/20100101 Firefox/52.0',
  'accept' => 'text/html,application/xhtml+xml,application/xml;q=0.9,*/*;q=0.8',
  'accept-language' => 'zh-CN,zh;q=0.8,en-US;q=0.5,en;q=0.3',
  'accept-encoding' => 'gzip, deflate',
  'referer' => 'http://o2o.singwa.com/static/admin/uploadify/uploadify.swf?preventswfcaching=1490537095377',
  'cookie' => 'PHPSESSID=4feda42f3330f94ef9113aceb5b0d27c',
  'connection' => 'keep-alive',
)
[ info ] [ PARAM ] array (
)
[ info ] [ RUN ] app\bis\controller\Register->index[ /Applications/MAMP/htdocs/imooc_o2o/application/bis/controller/Register.php ]
[ info ] [ DB ] INIT mysql
[ info ] [ VIEW ] /Applications/MAMP/htdocs/imooc_o2o/public/../application/bis/view/register/index.html [ array (
  0 => 'citys',
  1 => 'categorys',
) ]
[ info ] [ LOG ] INIT File

---------------------------------------------------------------
[ 2017-03-26T22:13:02+08:00 ] ::1 ::1 GET /bis/register/
[ log ] o2o.singwa.com/bis/register/ [运行时间：0.169477s][吞吐率：5.90req/s] [内存消耗：3,114.70kb] [文件加载：54]
[ info ] [ LANG ] /Applications/MAMP/htdocs/imooc_o2o/thinkphp/lang/zh-cn.php
[ info ] [ ROUTE ] array (
  'type' => 'module',
  'module' => 
  array (
    0 => 'bis',
    1 => 'register',
    2 => NULL,
  ),
)
[ info ] [ HEADER ] array (
  'host' => 'o2o.singwa.com',
  'user-agent' => 'Mozilla/5.0 (Macintosh; Intel Mac OS X 10.10; rv:52.0) Gecko/20100101 Firefox/52.0',
  'accept' => 'text/html,application/xhtml+xml,application/xml;q=0.9,*/*;q=0.8',
  'accept-language' => 'zh-CN,zh;q=0.8,en-US;q=0.5,en;q=0.3',
  'accept-encoding' => 'gzip, deflate',
  'referer' => 'http://o2o.singwa.com/static/admin/uploadify/uploadify.swf?preventswfcaching=1490537095399',
  'cookie' => 'PHPSESSID=4feda42f3330f94ef9113aceb5b0d27c',
  'connection' => 'keep-alive',
)
[ info ] [ PARAM ] array (
)
[ info ] [ RUN ] app\bis\controller\Register->index[ /Applications/MAMP/htdocs/imooc_o2o/application/bis/controller/Register.php ]
[ info ] [ DB ] INIT mysql
[ info ] [ VIEW ] /Applications/MAMP/htdocs/imooc_o2o/public/../application/bis/view/register/index.html [ array (
  0 => 'citys',
  1 => 'categorys',
) ]
[ info ] [ LOG ] INIT File

---------------------------------------------------------------
[ 2017-03-26T22:13:10+08:00 ] ::1 ::1 POST /api/image/upload.html
[ log ] o2o.singwa.com/api/image/upload.html [运行时间：0.088177s][吞吐率：11.34req/s] [内存消耗：1,932.52kb] [文件加载：44]
[ info ] [ LANG ] /Applications/MAMP/htdocs/imooc_o2o/thinkphp/lang/zh-cn.php
[ info ] [ ROUTE ] array (
  'type' => 'module',
  'module' => 
  array (
    0 => 'api',
    1 => 'image',
    2 => 'upload',
  ),
)
[ info ] [ HEADER ] array (
  'host' => 'o2o.singwa.com',
  'x-flash-version' => '22,0,0,192',
  'content-type' => 'multipart/form-data; boundary=----------KM7Ef1KM7Ij5ae0ei4ei4ei4KM7cH2',
  'accept-types' => 'text/*',
  'user-agent' => 'Adobe Flash Player 22',
  'content-length' => '13268',
  'connection' => 'close',
)
[ info ] [ PARAM ] array (
  'Filename' => '573347590001c52b07410741-200-200 2.jpg',
  'Upload' => 'Submit Query',
)
[ info ] [ RUN ] app\api\controller\Image->upload[ /Applications/MAMP/htdocs/imooc_o2o/application/api/controller/Image.php ]
[ info ] [ LOG ] INIT File

---------------------------------------------------------------
[ 2017-03-26T22:51:15+08:00 ] ::1 ::1 GET /index.php?s=bis
[ log ] o2o.singwa.com/index.php?s=bis [运行时间：0.186128s][吞吐率：5.37req/s] [内存消耗：2,269.25kb] [文件加载：49]
[ info ] [ LANG ] /Applications/MAMP/htdocs/imooc_o2o/thinkphp/lang/zh-cn.php
[ info ] [ ROUTE ] array (
  'type' => 'module',
  'module' => 
  array (
    0 => 'bis',
    1 => NULL,
    2 => NULL,
  ),
)
[ info ] [ HEADER ] array (
  'host' => 'o2o.singwa.com',
  'connection' => 'keep-alive',
  'accept' => 'text/html,application/xhtml+xml,application/xml;q=0.9,image/webp,*/*;q=0.8',
  'user-agent' => 'Mozilla/5.0 (Macintosh; Intel Mac OS X 10_10_2) AppleWebKit/537.36 (KHTML, like Gecko) Chrome/42.0.2311.90 Safari/537.36',
  'accept-encoding' => 'gzip, deflate, sdch',
  'accept-language' => 'zh-CN,zh;q=0.8,en;q=0.6',
  'cookie' => 'thinkphp_show_page_trace=1|5; pgv_pvi=8978985984; pgv_si=s8645249024; PHPSESSID=b8b4768bbcc4f0513f9ac7864a3ee78d; Huiskin=default; thinkphp_show_page_trace=0|5',
)
[ info ] [ PARAM ] array (
)
[ info ] [ SESSION ] INIT array (
  'id' => '',
  'var_session_id' => '',
  'prefix' => 'think',
  'type' => '',
  'auto_start' => true,
)
[ info ] [ LOG ] INIT File

---------------------------------------------------------------
[ 2017-03-26T22:51:15+08:00 ] ::1 ::1 GET /index.php?s=bis
[ log ] o2o.singwa.com/index.php?s=bis [运行时间：0.049299s][吞吐率：20.28req/s] [内存消耗：2,269.25kb] [文件加载：49]
[ info ] [ LANG ] /Applications/MAMP/htdocs/imooc_o2o/thinkphp/lang/zh-cn.php
[ info ] [ ROUTE ] array (
  'type' => 'module',
  'module' => 
  array (
    0 => 'bis',
    1 => NULL,
    2 => NULL,
  ),
)
[ info ] [ HEADER ] array (
  'host' => 'o2o.singwa.com',
  'connection' => 'keep-alive',
  'accept' => 'text/html,application/xhtml+xml,application/xml;q=0.9,image/webp,*/*;q=0.8',
  'user-agent' => 'Mozilla/5.0 (Macintosh; Intel Mac OS X 10_10_2) AppleWebKit/537.36 (KHTML, like Gecko) Chrome/42.0.2311.90 Safari/537.36',
  'accept-encoding' => 'gzip, deflate, sdch',
  'accept-language' => 'zh-CN,zh;q=0.8,en;q=0.6',
  'cookie' => 'thinkphp_show_page_trace=1|5; pgv_pvi=8978985984; pgv_si=s8645249024; PHPSESSID=b8b4768bbcc4f0513f9ac7864a3ee78d; Huiskin=default; thinkphp_show_page_trace=0|5',
)
[ info ] [ PARAM ] array (
)
[ info ] [ SESSION ] INIT array (
  'id' => '',
  'var_session_id' => '',
  'prefix' => 'think',
  'type' => '',
  'auto_start' => true,
)
[ info ] [ LOG ] INIT File

---------------------------------------------------------------
[ 2017-03-26T22:51:15+08:00 ] ::1 ::1 GET /index.php/bis/login/index.html
[ log ] o2o.singwa.com/index.php/bis/login/index.html [运行时间：0.035559s][吞吐率：28.12req/s] [内存消耗：2,235.84kb] [文件加载：47]
[ info ] [ LANG ] /Applications/MAMP/htdocs/imooc_o2o/thinkphp/lang/zh-cn.php
[ info ] [ ROUTE ] array (
  'type' => 'module',
  'module' => 
  array (
    0 => 'bis',
    1 => 'login',
    2 => 'index',
  ),
)
[ info ] [ HEADER ] array (
  'host' => 'o2o.singwa.com',
  'connection' => 'keep-alive',
  'accept' => 'text/html,application/xhtml+xml,application/xml;q=0.9,image/webp,*/*;q=0.8',
  'user-agent' => 'Mozilla/5.0 (Macintosh; Intel Mac OS X 10_10_2) AppleWebKit/537.36 (KHTML, like Gecko) Chrome/42.0.2311.90 Safari/537.36',
  'accept-encoding' => 'gzip, deflate, sdch',
  'accept-language' => 'zh-CN,zh;q=0.8,en;q=0.6',
  'cookie' => 'thinkphp_show_page_trace=1|5; thinkphp_show_page_trace=1|5; pgv_pvi=8978985984; pgv_si=s8645249024; PHPSESSID=b8b4768bbcc4f0513f9ac7864a3ee78d; Huiskin=default; thinkphp_show_page_trace=0|5',
)
[ info ] [ PARAM ] array (
)
[ info ] [ RUN ] app\bis\controller\Login->index[ /Applications/MAMP/htdocs/imooc_o2o/application/bis/controller/Login.php ]
[ info ] [ SESSION ] INIT array (
  'id' => '',
  'var_session_id' => '',
  'prefix' => 'think',
  'type' => '',
  'auto_start' => true,
)
[ info ] [ VIEW ] /Applications/MAMP/htdocs/imooc_o2o/public/../application/bis/view/login/index.html [ array (
) ]
[ info ] [ LOG ] INIT File

---------------------------------------------------------------
[ 2017-03-26T22:51:17+08:00 ] ::1 ::1 GET /index.php/bis/register/index.html
[ log ] o2o.singwa.com/index.php/bis/register/index.html [运行时间：0.079068s][吞吐率：12.65req/s] [内存消耗：3,114.97kb] [文件加载：54]
[ info ] [ LANG ] /Applications/MAMP/htdocs/imooc_o2o/thinkphp/lang/zh-cn.php
[ info ] [ ROUTE ] array (
  'type' => 'module',
  'module' => 
  array (
    0 => 'bis',
    1 => 'register',
    2 => 'index',
  ),
)
[ info ] [ HEADER ] array (
  'host' => 'o2o.singwa.com',
  'connection' => 'keep-alive',
  'accept' => 'text/html,application/xhtml+xml,application/xml;q=0.9,image/webp,*/*;q=0.8',
  'user-agent' => 'Mozilla/5.0 (Macintosh; Intel Mac OS X 10_10_2) AppleWebKit/537.36 (KHTML, like Gecko) Chrome/42.0.2311.90 Safari/537.36',
  'referer' => 'http://o2o.singwa.com/index.php/bis/login/index.html',
  'accept-encoding' => 'gzip, deflate, sdch',
  'accept-language' => 'zh-CN,zh;q=0.8,en;q=0.6',
  'cookie' => 'thinkphp_show_page_trace=0|5; thinkphp_show_page_trace=1|5; pgv_pvi=8978985984; pgv_si=s8645249024; PHPSESSID=b8b4768bbcc4f0513f9ac7864a3ee78d; Huiskin=default; thinkphp_show_page_trace=0|5',
)
[ info ] [ PARAM ] array (
)
[ info ] [ RUN ] app\bis\controller\Register->index[ /Applications/MAMP/htdocs/imooc_o2o/application/bis/controller/Register.php ]
[ info ] [ DB ] INIT mysql
[ info ] [ VIEW ] /Applications/MAMP/htdocs/imooc_o2o/public/../application/bis/view/register/index.html [ array (
  0 => 'citys',
  1 => 'categorys',
) ]
[ info ] [ LOG ] INIT File

---------------------------------------------------------------
[ 2017-03-26T22:51:18+08:00 ] ::1 ::1 GET /index.php/bis/register/
[ log ] o2o.singwa.com/index.php/bis/register/ [运行时间：0.074696s][吞吐率：13.39req/s] [内存消耗：3,115.56kb] [文件加载：54]
[ info ] [ LANG ] /Applications/MAMP/htdocs/imooc_o2o/thinkphp/lang/zh-cn.php
[ info ] [ ROUTE ] array (
  'type' => 'module',
  'module' => 
  array (
    0 => 'bis',
    1 => 'register',
    2 => NULL,
  ),
)
[ info ] [ HEADER ] array (
  'host' => 'o2o.singwa.com',
  'connection' => 'keep-alive',
  'user-agent' => 'Mozilla/5.0 (Macintosh; Intel Mac OS X 10_10_2) AppleWebKit/537.36 (KHTML, like Gecko) Chrome/42.0.2311.90 Safari/537.36',
  'x-requested-with' => 'ShockwaveFlash/18.0.0.209',
  'accept' => '*/*',
  'referer' => 'http://o2o.singwa.com/index.php/bis/register/index.html',
  'accept-encoding' => 'gzip, deflate, sdch',
  'accept-language' => 'zh-CN,zh;q=0.8,en;q=0.6',
  'cookie' => 'thinkphp_show_page_trace=0|5; thinkphp_show_page_trace=1|5; pgv_pvi=8978985984; pgv_si=s8645249024; PHPSESSID=b8b4768bbcc4f0513f9ac7864a3ee78d; Huiskin=default; thinkphp_show_page_trace=0|5',
)
[ info ] [ PARAM ] array (
)
[ info ] [ RUN ] app\bis\controller\Register->index[ /Applications/MAMP/htdocs/imooc_o2o/application/bis/controller/Register.php ]
[ info ] [ DB ] INIT mysql
[ info ] [ VIEW ] /Applications/MAMP/htdocs/imooc_o2o/public/../application/bis/view/register/index.html [ array (
  0 => 'citys',
  1 => 'categorys',
) ]
[ info ] [ LOG ] INIT File

---------------------------------------------------------------
[ 2017-03-26T22:51:18+08:00 ] ::1 ::1 GET /index.php/bis/register/
[ log ] o2o.singwa.com/index.php/bis/register/ [运行时间：0.053857s][吞吐率：18.57req/s] [内存消耗：3,115.56kb] [文件加载：54]
[ info ] [ LANG ] /Applications/MAMP/htdocs/imooc_o2o/thinkphp/lang/zh-cn.php
[ info ] [ ROUTE ] array (
  'type' => 'module',
  'module' => 
  array (
    0 => 'bis',
    1 => 'register',
    2 => NULL,
  ),
)
[ info ] [ HEADER ] array (
  'host' => 'o2o.singwa.com',
  'connection' => 'keep-alive',
  'user-agent' => 'Mozilla/5.0 (Macintosh; Intel Mac OS X 10_10_2) AppleWebKit/537.36 (KHTML, like Gecko) Chrome/42.0.2311.90 Safari/537.36',
  'x-requested-with' => 'ShockwaveFlash/18.0.0.209',
  'accept' => '*/*',
  'referer' => 'http://o2o.singwa.com/index.php/bis/register/index.html',
  'accept-encoding' => 'gzip, deflate, sdch',
  'accept-language' => 'zh-CN,zh;q=0.8,en;q=0.6',
  'cookie' => 'thinkphp_show_page_trace=0|5; thinkphp_show_page_trace=1|5; pgv_pvi=8978985984; pgv_si=s8645249024; PHPSESSID=b8b4768bbcc4f0513f9ac7864a3ee78d; Huiskin=default; thinkphp_show_page_trace=0|5',
)
[ info ] [ PARAM ] array (
)
[ info ] [ RUN ] app\bis\controller\Register->index[ /Applications/MAMP/htdocs/imooc_o2o/application/bis/controller/Register.php ]
[ info ] [ DB ] INIT mysql
[ info ] [ VIEW ] /Applications/MAMP/htdocs/imooc_o2o/public/../application/bis/view/register/index.html [ array (
  0 => 'citys',
  1 => 'categorys',
) ]
[ info ] [ LOG ] INIT File

---------------------------------------------------------------
[ 2017-03-26T22:51:19+08:00 ] ::1 ::1 POST /index.php/api/city/getcitysbyparentid.html
[ log ] o2o.singwa.com/index.php/api/city/getcitysbyparentid.html [运行时间：0.077117s][吞吐率：12.97req/s] [内存消耗：2,964.92kb] [文件加载：52]
[ info ] [ LANG ] /Applications/MAMP/htdocs/imooc_o2o/thinkphp/lang/zh-cn.php
[ info ] [ ROUTE ] array (
  'type' => 'module',
  'module' => 
  array (
    0 => 'api',
    1 => 'city',
    2 => 'getcitysbyparentid',
  ),
)
[ info ] [ HEADER ] array (
  'host' => 'o2o.singwa.com',
  'connection' => 'keep-alive',
  'content-length' => '4',
  'accept' => 'application/json, text/javascript, */*; q=0.01',
  'origin' => 'http://o2o.singwa.com',
  'x-requested-with' => 'XMLHttpRequest',
  'user-agent' => 'Mozilla/5.0 (Macintosh; Intel Mac OS X 10_10_2) AppleWebKit/537.36 (KHTML, like Gecko) Chrome/42.0.2311.90 Safari/537.36',
  'content-type' => 'application/x-www-form-urlencoded; charset=UTF-8',
  'referer' => 'http://o2o.singwa.com/index.php/bis/register/index.html',
  'accept-encoding' => 'gzip, deflate',
  'accept-language' => 'zh-CN,zh;q=0.8,en;q=0.6',
  'cookie' => 'thinkphp_show_page_trace=1|5; pgv_pvi=8978985984; pgv_si=s8645249024; PHPSESSID=b8b4768bbcc4f0513f9ac7864a3ee78d; Huiskin=default; thinkphp_show_page_trace=0|5',
)
[ info ] [ PARAM ] array (
  'id' => '4',
)
[ info ] [ DB ] INIT mysql
[ info ] [ RUN ] app\api\controller\City->getCitysByParentId[ /Applications/MAMP/htdocs/imooc_o2o/application/api/controller/City.php ]
[ info ] [ LOG ] INIT File

---------------------------------------------------------------
[ 2017-03-26T22:51:23+08:00 ] ::1 ::1 POST /index.php/api/city/getcitysbyparentid.html
[ log ] o2o.singwa.com/index.php/api/city/getcitysbyparentid.html [运行时间：0.058451s][吞吐率：17.11req/s] [内存消耗：2,960.08kb] [文件加载：52]
[ info ] [ LANG ] /Applications/MAMP/htdocs/imooc_o2o/thinkphp/lang/zh-cn.php
[ info ] [ ROUTE ] array (
  'type' => 'module',
  'module' => 
  array (
    0 => 'api',
    1 => 'city',
    2 => 'getcitysbyparentid',
  ),
)
[ info ] [ HEADER ] array (
  'host' => 'o2o.singwa.com',
  'connection' => 'keep-alive',
  'content-length' => '4',
  'accept' => 'application/json, text/javascript, */*; q=0.01',
  'origin' => 'http://o2o.singwa.com',
  'x-requested-with' => 'XMLHttpRequest',
  'user-agent' => 'Mozilla/5.0 (Macintosh; Intel Mac OS X 10_10_2) AppleWebKit/537.36 (KHTML, like Gecko) Chrome/42.0.2311.90 Safari/537.36',
  'content-type' => 'application/x-www-form-urlencoded; charset=UTF-8',
  'referer' => 'http://o2o.singwa.com/index.php/bis/register/index.html',
  'accept-encoding' => 'gzip, deflate',
  'accept-language' => 'zh-CN,zh;q=0.8,en;q=0.6',
  'cookie' => 'thinkphp_show_page_trace=1|5; pgv_pvi=8978985984; pgv_si=s8645249024; PHPSESSID=b8b4768bbcc4f0513f9ac7864a3ee78d; Huiskin=default; thinkphp_show_page_trace=0|5',
)
[ info ] [ PARAM ] array (
  'id' => '1',
)
[ info ] [ DB ] INIT mysql
[ info ] [ RUN ] app\api\controller\City->getCitysByParentId[ /Applications/MAMP/htdocs/imooc_o2o/application/api/controller/City.php ]
[ info ] [ LOG ] INIT File

---------------------------------------------------------------
[ 2017-03-26T22:51:26+08:00 ] ::1 ::1 POST /index.php/api/city/getcitysbyparentid.html
[ log ] o2o.singwa.com/index.php/api/city/getcitysbyparentid.html [运行时间：0.055741s][吞吐率：17.94req/s] [内存消耗：2,964.92kb] [文件加载：52]
[ info ] [ LANG ] /Applications/MAMP/htdocs/imooc_o2o/thinkphp/lang/zh-cn.php
[ info ] [ ROUTE ] array (
  'type' => 'module',
  'module' => 
  array (
    0 => 'api',
    1 => 'city',
    2 => 'getcitysbyparentid',
  ),
)
[ info ] [ HEADER ] array (
  'host' => 'o2o.singwa.com',
  'connection' => 'keep-alive',
  'content-length' => '4',
  'accept' => 'application/json, text/javascript, */*; q=0.01',
  'origin' => 'http://o2o.singwa.com',
  'x-requested-with' => 'XMLHttpRequest',
  'user-agent' => 'Mozilla/5.0 (Macintosh; Intel Mac OS X 10_10_2) AppleWebKit/537.36 (KHTML, like Gecko) Chrome/42.0.2311.90 Safari/537.36',
  'content-type' => 'application/x-www-form-urlencoded; charset=UTF-8',
  'referer' => 'http://o2o.singwa.com/index.php/bis/register/index.html',
  'accept-encoding' => 'gzip, deflate',
  'accept-language' => 'zh-CN,zh;q=0.8,en;q=0.6',
  'cookie' => 'thinkphp_show_page_trace=1|5; pgv_pvi=8978985984; pgv_si=s8645249024; PHPSESSID=b8b4768bbcc4f0513f9ac7864a3ee78d; Huiskin=default; thinkphp_show_page_trace=0|5',
)
[ info ] [ PARAM ] array (
  'id' => '4',
)
[ info ] [ DB ] INIT mysql
[ info ] [ RUN ] app\api\controller\City->getCitysByParentId[ /Applications/MAMP/htdocs/imooc_o2o/application/api/controller/City.php ]
[ info ] [ LOG ] INIT File

---------------------------------------------------------------
[ 2017-03-26T22:52:26+08:00 ] ::1 ::1 GET /index.php/admin
[ log ] o2o.singwa.com/index.php/admin [运行时间：0.047457s][吞吐率：21.07req/s] [内存消耗：2,108.00kb] [文件加载：46]
[ info ] [ LANG ] /Applications/MAMP/htdocs/imooc_o2o/thinkphp/lang/zh-cn.php
[ info ] [ ROUTE ] array (
  'type' => 'module',
  'module' => 
  array (
    0 => 'admin',
    1 => NULL,
    2 => NULL,
  ),
)
[ info ] [ HEADER ] array (
  'host' => 'o2o.singwa.com',
  'connection' => 'keep-alive',
  'accept' => 'text/html,application/xhtml+xml,application/xml;q=0.9,image/webp,*/*;q=0.8',
  'user-agent' => 'Mozilla/5.0 (Macintosh; Intel Mac OS X 10_10_2) AppleWebKit/537.36 (KHTML, like Gecko) Chrome/42.0.2311.90 Safari/537.36',
  'accept-encoding' => 'gzip, deflate, sdch',
  'accept-language' => 'zh-CN,zh;q=0.8,en;q=0.6',
  'cookie' => 'thinkphp_show_page_trace=1|5; pgv_pvi=8978985984; pgv_si=s8645249024; PHPSESSID=b8b4768bbcc4f0513f9ac7864a3ee78d; Huiskin=default; thinkphp_show_page_trace=0|5',
)
[ info ] [ PARAM ] array (
)
[ info ] [ RUN ] app\admin\controller\Index->index[ /Applications/MAMP/htdocs/imooc_o2o/application/admin/controller/Index.php ]
[ info ] [ VIEW ] /Applications/MAMP/htdocs/imooc_o2o/public/../application/admin/view/index/index.html [ array (
) ]
[ info ] [ LOG ] INIT File

---------------------------------------------------------------
[ 2017-03-26T22:52:26+08:00 ] ::1 ::1 GET /index.php/admin/index/welcome.html
[ log ] o2o.singwa.com/index.php/admin/index/welcome.html [运行时间：0.042371s][吞吐率：23.60req/s] [内存消耗：1,830.40kb] [文件加载：42]
[ info ] [ LANG ] /Applications/MAMP/htdocs/imooc_o2o/thinkphp/lang/zh-cn.php
[ info ] [ ROUTE ] array (
  'type' => 'module',
  'module' => 
  array (
    0 => 'admin',
    1 => 'index',
    2 => 'welcome',
  ),
)
[ info ] [ HEADER ] array (
  'host' => 'o2o.singwa.com',
  'connection' => 'keep-alive',
  'accept' => 'text/html,application/xhtml+xml,application/xml;q=0.9,image/webp,*/*;q=0.8',
  'user-agent' => 'Mozilla/5.0 (Macintosh; Intel Mac OS X 10_10_2) AppleWebKit/537.36 (KHTML, like Gecko) Chrome/42.0.2311.90 Safari/537.36',
  'referer' => 'http://o2o.singwa.com/index.php/admin',
  'accept-encoding' => 'gzip, deflate, sdch',
  'accept-language' => 'zh-CN,zh;q=0.8,en;q=0.6',
  'cookie' => 'thinkphp_show_page_trace=1|0; thinkphp_show_page_trace=1|5; pgv_pvi=8978985984; pgv_si=s8645249024; PHPSESSID=b8b4768bbcc4f0513f9ac7864a3ee78d; Huiskin=default; thinkphp_show_page_trace=0|5',
)
[ info ] [ PARAM ] array (
)
[ info ] [ RUN ] app\admin\controller\Index->welcome[ /Applications/MAMP/htdocs/imooc_o2o/application/admin/controller/Index.php ]
[ info ] [ LOG ] INIT File

---------------------------------------------------------------
[ 2017-03-26T22:52:29+08:00 ] ::1 ::1 GET /index.php/admin/bis/apply.html
[ log ] o2o.singwa.com/index.php/admin/bis/apply.html [运行时间：0.094264s][吞吐率：10.61req/s] [内存消耗：3,461.34kb] [文件加载：60]
[ info ] [ LANG ] /Applications/MAMP/htdocs/imooc_o2o/thinkphp/lang/zh-cn.php
[ info ] [ ROUTE ] array (
  'type' => 'module',
  'module' => 
  array (
    0 => 'admin',
    1 => 'bis',
    2 => 'apply',
  ),
)
[ info ] [ HEADER ] array (
  'host' => 'o2o.singwa.com',
  'connection' => 'keep-alive',
  'accept' => 'text/html,application/xhtml+xml,application/xml;q=0.9,image/webp,*/*;q=0.8',
  'user-agent' => 'Mozilla/5.0 (Macintosh; Intel Mac OS X 10_10_2) AppleWebKit/537.36 (KHTML, like Gecko) Chrome/42.0.2311.90 Safari/537.36',
  'referer' => 'http://o2o.singwa.com/index.php/admin',
  'accept-encoding' => 'gzip, deflate, sdch',
  'accept-language' => 'zh-CN,zh;q=0.8,en;q=0.6',
  'cookie' => 'thinkphp_show_page_trace=1|5; pgv_pvi=8978985984; pgv_si=s8645249024; PHPSESSID=b8b4768bbcc4f0513f9ac7864a3ee78d; Huiskin=default; thinkphp_show_page_trace=0|5',
)
[ info ] [ PARAM ] array (
)
[ info ] [ RUN ] app\admin\controller\Bis->apply[ /Applications/MAMP/htdocs/imooc_o2o/application/admin/controller/Bis.php ]
[ info ] [ DB ] INIT mysql
[ info ] [ VIEW ] /Applications/MAMP/htdocs/imooc_o2o/public/../application/admin/view/bis/apply.html [ array (
  0 => 'bis',
) ]
[ info ] [ LOG ] INIT File

---------------------------------------------------------------
[ 2017-03-26T22:52:31+08:00 ] ::1 ::1 GET /index.php/admin/bis/detail.html?id=18
[ log ] o2o.singwa.com/index.php/admin/bis/detail.html?id=18 [运行时间：0.113858s][吞吐率：8.78req/s] [内存消耗：3,496.83kb] [文件加载：60]
[ info ] [ LANG ] /Applications/MAMP/htdocs/imooc_o2o/thinkphp/lang/zh-cn.php
[ info ] [ ROUTE ] array (
  'type' => 'module',
  'module' => 
  array (
    0 => 'admin',
    1 => 'bis',
    2 => 'detail',
  ),
)
[ info ] [ HEADER ] array (
  'host' => 'o2o.singwa.com',
  'connection' => 'keep-alive',
  'accept' => 'text/html,application/xhtml+xml,application/xml;q=0.9,image/webp,*/*;q=0.8',
  'user-agent' => 'Mozilla/5.0 (Macintosh; Intel Mac OS X 10_10_2) AppleWebKit/537.36 (KHTML, like Gecko) Chrome/42.0.2311.90 Safari/537.36',
  'referer' => 'http://o2o.singwa.com/index.php/admin/bis/apply.html',
  'accept-encoding' => 'gzip, deflate, sdch',
  'accept-language' => 'zh-CN,zh;q=0.8,en;q=0.6',
  'cookie' => 'thinkphp_show_page_trace=1|5; pgv_pvi=8978985984; pgv_si=s8645249024; PHPSESSID=b8b4768bbcc4f0513f9ac7864a3ee78d; Huiskin=default; thinkphp_show_page_trace=0|5',
)
[ info ] [ PARAM ] array (
  'id' => '18',
)
[ info ] [ RUN ] app\admin\controller\Bis->detail[ /Applications/MAMP/htdocs/imooc_o2o/application/admin/controller/Bis.php ]
[ info ] [ DB ] INIT mysql
[ info ] [ VIEW ] /Applications/MAMP/htdocs/imooc_o2o/public/../application/admin/view/bis/detail.html [ array (
  0 => 'citys',
  1 => 'categorys',
  2 => 'bisData',
  3 => 'locationData',
  4 => 'accountData',
) ]
[ info ] [ LOG ] INIT File

---------------------------------------------------------------
[ 2017-03-26T22:52:38+08:00 ] ::1 ::1 GET /index.php/admin/bis/detail.html?id=3
[ log ] o2o.singwa.com/index.php/admin/bis/detail.html?id=3 [运行时间：0.132859s][吞吐率：7.53req/s] [内存消耗：3,289.03kb] [文件加载：58]
[ info ] [ LANG ] /Applications/MAMP/htdocs/imooc_o2o/thinkphp/lang/zh-cn.php
[ info ] [ ROUTE ] array (
  'type' => 'module',
  'module' => 
  array (
    0 => 'admin',
    1 => 'bis',
    2 => 'detail',
  ),
)
[ info ] [ HEADER ] array (
  'host' => 'o2o.singwa.com',
  'connection' => 'keep-alive',
  'accept' => 'text/html,application/xhtml+xml,application/xml;q=0.9,image/webp,*/*;q=0.8',
  'user-agent' => 'Mozilla/5.0 (Macintosh; Intel Mac OS X 10_10_2) AppleWebKit/537.36 (KHTML, like Gecko) Chrome/42.0.2311.90 Safari/537.36',
  'referer' => 'http://o2o.singwa.com/index.php/admin/bis/apply.html',
  'accept-encoding' => 'gzip, deflate, sdch',
  'accept-language' => 'zh-CN,zh;q=0.8,en;q=0.6',
  'cookie' => 'thinkphp_show_page_trace=1|5; pgv_pvi=8978985984; pgv_si=s8645249024; PHPSESSID=b8b4768bbcc4f0513f9ac7864a3ee78d; Huiskin=default; thinkphp_show_page_trace=0|5',
)
[ info ] [ PARAM ] array (
  'id' => '3',
)
[ info ] [ RUN ] app\admin\controller\Bis->detail[ /Applications/MAMP/htdocs/imooc_o2o/application/admin/controller/Bis.php ]
[ info ] [ DB ] INIT mysql
[ info ] [ VIEW ] /Applications/MAMP/htdocs/imooc_o2o/public/../application/admin/view/bis/detail.html [ array (
  0 => 'citys',
  1 => 'categorys',
  2 => 'bisData',
  3 => 'locationData',
  4 => 'accountData',
) ]
[ info ] [ LOG ] INIT File

---------------------------------------------------------------
[ 2017-03-26T22:52:38+08:00 ] ::1 ::1 GET /upload/20170122/ef8432eccd8af3c0992eae4e630ac259.png
[ log ] o2o.singwa.com/upload/20170122/ef8432eccd8af3c0992eae4e630ac259.png [运行时间：0.064243s][吞吐率：15.57req/s] [内存消耗：1,519.38kb] [文件加载：36]
[ info ] [ LANG ] /Applications/MAMP/htdocs/imooc_o2o/thinkphp/lang/zh-cn.php
[ info ] [ ROUTE ] array (
  'type' => 'module',
  'module' => 
  array (
    0 => 'upload',
    1 => '20170122',
    2 => 'ef8432eccd8af3c0992eae4e630ac259.png',
  ),
)
[ info ] [ HEADER ] array (
  'host' => 'o2o.singwa.com',
  'connection' => 'keep-alive',
  'accept' => 'image/webp,*/*;q=0.8',
  'user-agent' => 'Mozilla/5.0 (Macintosh; Intel Mac OS X 10_10_2) AppleWebKit/537.36 (KHTML, like Gecko) Chrome/42.0.2311.90 Safari/537.36',
  'referer' => 'http://o2o.singwa.com/index.php/admin/bis/detail.html?id=3',
  'accept-encoding' => 'gzip, deflate, sdch',
  'accept-language' => 'zh-CN,zh;q=0.8,en;q=0.6',
  'cookie' => 'pgv_pvi=8978985984; pgv_si=s8645249024; PHPSESSID=b8b4768bbcc4f0513f9ac7864a3ee78d; Huiskin=default; thinkphp_show_page_trace=0|5',
)
[ info ] [ PARAM ] array (
)
[ info ] [ LOG ] INIT File

---------------------------------------------------------------
[ 2017-03-26T22:52:38+08:00 ] ::1 ::1 GET /upload/20170122/d661330e18bc6a1df35b9a534a13c42d.png
[ log ] o2o.singwa.com/upload/20170122/d661330e18bc6a1df35b9a534a13c42d.png [运行时间：0.070199s][吞吐率：14.25req/s] [内存消耗：1,519.48kb] [文件加载：36]
[ info ] [ LANG ] /Applications/MAMP/htdocs/imooc_o2o/thinkphp/lang/zh-cn.php
[ info ] [ ROUTE ] array (
  'type' => 'module',
  'module' => 
  array (
    0 => 'upload',
    1 => '20170122',
    2 => 'd661330e18bc6a1df35b9a534a13c42d.png',
  ),
)
[ info ] [ HEADER ] array (
  'host' => 'o2o.singwa.com',
  'connection' => 'keep-alive',
  'accept' => 'image/webp,*/*;q=0.8',
  'user-agent' => 'Mozilla/5.0 (Macintosh; Intel Mac OS X 10_10_2) AppleWebKit/537.36 (KHTML, like Gecko) Chrome/42.0.2311.90 Safari/537.36',
  'referer' => 'http://o2o.singwa.com/index.php/admin/bis/detail.html?id=3',
  'accept-encoding' => 'gzip, deflate, sdch',
  'accept-language' => 'zh-CN,zh;q=0.8,en;q=0.6',
  'cookie' => 'pgv_pvi=8978985984; pgv_si=s8645249024; PHPSESSID=b8b4768bbcc4f0513f9ac7864a3ee78d; Huiskin=default; thinkphp_show_page_trace=0|5',
)
[ info ] [ PARAM ] array (
)
[ info ] [ LOG ] INIT File

---------------------------------------------------------------
[ 2017-03-26T22:52:45+08:00 ] ::1 ::1 POST /index.php/api/city/getcitysbyparentid.html
[ log ] o2o.singwa.com/index.php/api/city/getcitysbyparentid.html [运行时间：0.066425s][吞吐率：15.05req/s] [内存消耗：2,960.19kb] [文件加载：52]
[ info ] [ LANG ] /Applications/MAMP/htdocs/imooc_o2o/thinkphp/lang/zh-cn.php
[ info ] [ ROUTE ] array (
  'type' => 'module',
  'module' => 
  array (
    0 => 'api',
    1 => 'city',
    2 => 'getcitysbyparentid',
  ),
)
[ info ] [ HEADER ] array (
  'host' => 'o2o.singwa.com',
  'connection' => 'keep-alive',
  'content-length' => '4',
  'accept' => 'application/json, text/javascript, */*; q=0.01',
  'origin' => 'http://o2o.singwa.com',
  'x-requested-with' => 'XMLHttpRequest',
  'user-agent' => 'Mozilla/5.0 (Macintosh; Intel Mac OS X 10_10_2) AppleWebKit/537.36 (KHTML, like Gecko) Chrome/42.0.2311.90 Safari/537.36',
  'content-type' => 'application/x-www-form-urlencoded; charset=UTF-8',
  'referer' => 'http://o2o.singwa.com/index.php/admin/bis/detail.html?id=3',
  'accept-encoding' => 'gzip, deflate',
  'accept-language' => 'zh-CN,zh;q=0.8,en;q=0.6',
  'cookie' => 'thinkphp_show_page_trace=1|5; pgv_pvi=8978985984; pgv_si=s8645249024; PHPSESSID=b8b4768bbcc4f0513f9ac7864a3ee78d; Huiskin=default; thinkphp_show_page_trace=0|5',
)
[ info ] [ PARAM ] array (
  'id' => '1',
)
[ info ] [ DB ] INIT mysql
[ info ] [ RUN ] app\api\controller\City->getCitysByParentId[ /Applications/MAMP/htdocs/imooc_o2o/application/api/controller/City.php ]
[ info ] [ LOG ] INIT File

---------------------------------------------------------------
[ 2017-03-26T22:52:48+08:00 ] ::1 ::1 POST /index.php/api/city/getcitysbyparentid.html
[ log ] o2o.singwa.com/index.php/api/city/getcitysbyparentid.html [运行时间：0.063172s][吞吐率：15.83req/s] [内存消耗：2,965.03kb] [文件加载：52]
[ info ] [ LANG ] /Applications/MAMP/htdocs/imooc_o2o/thinkphp/lang/zh-cn.php
[ info ] [ ROUTE ] array (
  'type' => 'module',
  'module' => 
  array (
    0 => 'api',
    1 => 'city',
    2 => 'getcitysbyparentid',
  ),
)
[ info ] [ HEADER ] array (
  'host' => 'o2o.singwa.com',
  'connection' => 'keep-alive',
  'content-length' => '4',
  'accept' => 'application/json, text/javascript, */*; q=0.01',
  'origin' => 'http://o2o.singwa.com',
  'x-requested-with' => 'XMLHttpRequest',
  'user-agent' => 'Mozilla/5.0 (Macintosh; Intel Mac OS X 10_10_2) AppleWebKit/537.36 (KHTML, like Gecko) Chrome/42.0.2311.90 Safari/537.36',
  'content-type' => 'application/x-www-form-urlencoded; charset=UTF-8',
  'referer' => 'http://o2o.singwa.com/index.php/admin/bis/detail.html?id=3',
  'accept-encoding' => 'gzip, deflate',
  'accept-language' => 'zh-CN,zh;q=0.8,en;q=0.6',
  'cookie' => 'thinkphp_show_page_trace=1|5; pgv_pvi=8978985984; pgv_si=s8645249024; PHPSESSID=b8b4768bbcc4f0513f9ac7864a3ee78d; Huiskin=default; thinkphp_show_page_trace=0|5',
)
[ info ] [ PARAM ] array (
  'id' => '4',
)
[ info ] [ DB ] INIT mysql
[ info ] [ RUN ] app\api\controller\City->getCitysByParentId[ /Applications/MAMP/htdocs/imooc_o2o/application/api/controller/City.php ]
[ info ] [ LOG ] INIT File

---------------------------------------------------------------
[ 2017-03-26T22:52:50+08:00 ] ::1 ::1 POST /index.php/api/city/getcitysbyparentid.html
[ log ] o2o.singwa.com/index.php/api/city/getcitysbyparentid.html [运行时间：0.070892s][吞吐率：14.11req/s] [内存消耗：2,960.19kb] [文件加载：52]
[ info ] [ LANG ] /Applications/MAMP/htdocs/imooc_o2o/thinkphp/lang/zh-cn.php
[ info ] [ ROUTE ] array (
  'type' => 'module',
  'module' => 
  array (
    0 => 'api',
    1 => 'city',
    2 => 'getcitysbyparentid',
  ),
)
[ info ] [ HEADER ] array (
  'host' => 'o2o.singwa.com',
  'connection' => 'keep-alive',
  'content-length' => '4',
  'accept' => 'application/json, text/javascript, */*; q=0.01',
  'origin' => 'http://o2o.singwa.com',
  'x-requested-with' => 'XMLHttpRequest',
  'user-agent' => 'Mozilla/5.0 (Macintosh; Intel Mac OS X 10_10_2) AppleWebKit/537.36 (KHTML, like Gecko) Chrome/42.0.2311.90 Safari/537.36',
  'content-type' => 'application/x-www-form-urlencoded; charset=UTF-8',
  'referer' => 'http://o2o.singwa.com/index.php/admin/bis/detail.html?id=3',
  'accept-encoding' => 'gzip, deflate',
  'accept-language' => 'zh-CN,zh;q=0.8,en;q=0.6',
  'cookie' => 'thinkphp_show_page_trace=1|5; pgv_pvi=8978985984; pgv_si=s8645249024; PHPSESSID=b8b4768bbcc4f0513f9ac7864a3ee78d; Huiskin=default; thinkphp_show_page_trace=0|5',
)
[ info ] [ PARAM ] array (
  'id' => '1',
)
[ info ] [ DB ] INIT mysql
[ info ] [ RUN ] app\api\controller\City->getCitysByParentId[ /Applications/MAMP/htdocs/imooc_o2o/application/api/controller/City.php ]
[ info ] [ LOG ] INIT File

---------------------------------------------------------------
