[ 2017-03-30T23:58:59+08:00 ] ::1 ::1 GET /
[ log ] o2o.singwa.com/ [运行时间：0.207335s][吞吐率：4.82req/s] [内存消耗：3,350.45kb] [文件加载：56]
[ info ] [ LANG ] /Applications/MAMP/htdocs/imooc_o2o/thinkphp5.0.3/lang/zh-cn.php
[ info ] [ ROUTE ] array (
  'type' => 'module',
  'module' => 
  array (
    0 => '',
    1 => NULL,
    2 => NULL,
  ),
)
[ info ] [ HEADER ] array (
  'host' => 'o2o.singwa.com',
  'connection' => 'keep-alive',
  'accept' => 'text/html,application/xhtml+xml,application/xml;q=0.9,image/webp,*/*;q=0.8',
  'user-agent' => 'Mozilla/5.0 (Macintosh; Intel Mac OS X 10_10_2) AppleWebKit/537.36 (KHTML, like Gecko) Chrome/42.0.2311.90 Safari/537.36',
  'accept-encoding' => 'gzip, deflate, sdch',
  'accept-language' => 'zh-CN,zh;q=0.8,en;q=0.6',
  'cookie' => 'pgv_pvi=8978985984; pgv_si=s8645249024; PHPSESSID=b8b4768bbcc4f0513f9ac7864a3ee78d; Huiskin=default; thinkphp_show_page_trace=0|5',
)
[ info ] [ PARAM ] array (
)
[ info ] [ DB ] INIT mysql
[ info ] [ SESSION ] INIT array (
  'id' => '',
  'var_session_id' => '',
  'prefix' => 'think',
  'type' => '',
  'auto_start' => true,
)
[ info ] [ RUN ] app\index\controller\Index->index[ /Applications/MAMP/htdocs/imooc_o2o/application/index/controller/Index.php ]
[ info ] [ VIEW ] /Applications/MAMP/htdocs/imooc_o2o/public/../application/index/view/index/index.html [ array (
  0 => 'citys',
  1 => 'city',
  2 => 'cats',
  3 => 'controler',
  4 => 'user',
  5 => 'title',
  6 => 'datas',
  7 => 'meishicates',
  8 => 'controller',
) ]
[ info ] [ LOG ] INIT File

---------------------------------------------------------------
[ 2017-03-30T23:59:00+08:00 ] ::1 ::1 GET /
[ log ] o2o.singwa.com/ [运行时间：0.120024s][吞吐率：8.33req/s] [内存消耗：3,350.55kb] [文件加载：56]
[ info ] [ LANG ] /Applications/MAMP/htdocs/imooc_o2o/thinkphp5.0.3/lang/zh-cn.php
[ info ] [ ROUTE ] array (
  'type' => 'module',
  'module' => 
  array (
    0 => '',
    1 => NULL,
    2 => NULL,
  ),
)
[ info ] [ HEADER ] array (
  'host' => 'o2o.singwa.com',
  'connection' => 'keep-alive',
  'user-agent' => 'Mozilla/5.0 (Macintosh; Intel Mac OS X 10_10_2) AppleWebKit/537.36 (KHTML, like Gecko) Chrome/42.0.2311.90 Safari/537.36',
  'accept' => '*/*',
  'referer' => 'http://o2o.singwa.com/',
  'accept-encoding' => 'gzip, deflate, sdch',
  'accept-language' => 'zh-CN,zh;q=0.8,en;q=0.6',
  'cookie' => 'pgv_pvi=8978985984; pgv_si=s8645249024; PHPSESSID=b8b4768bbcc4f0513f9ac7864a3ee78d; Huiskin=default; thinkphp_show_page_trace=0|5',
)
[ info ] [ PARAM ] array (
)
[ info ] [ DB ] INIT mysql
[ info ] [ SESSION ] INIT array (
  'id' => '',
  'var_session_id' => '',
  'prefix' => 'think',
  'type' => '',
  'auto_start' => true,
)
[ info ] [ RUN ] app\index\controller\Index->index[ /Applications/MAMP/htdocs/imooc_o2o/application/index/controller/Index.php ]
[ info ] [ VIEW ] /Applications/MAMP/htdocs/imooc_o2o/public/../application/index/view/index/index.html [ array (
  0 => 'citys',
  1 => 'city',
  2 => 'cats',
  3 => 'controler',
  4 => 'user',
  5 => 'title',
  6 => 'datas',
  7 => 'meishicates',
  8 => 'controller',
) ]
[ info ] [ LOG ] INIT File

---------------------------------------------------------------
